10/16 23:35:00.081|EXEC_START  |
10/16 23:35:00.082|SCRIPT_START|SCRIPT=main, PROJECT=【データ連携HUB】WE0301_実行プロジェクト作成, REPOSITORY=/home/z098330/projects/【データ連携HUB】WE0301_実行プロジェクト作成, VERSION=67
--/-- --:--:--.---|VARIABLE    |NAME=機能ID, VALUE=WE0301
--/-- --:--:--.---|VARIABLE    |NAME=レコードNo, VALUE=100
10/16 23:35:00.082|TRY_START   |NAME=try_catch
10/16 23:35:00.082|START       |NAME=AP設定取得 
--/-- --:--:--.---|VARIABLE    |NAME=処理フォルダ, VALUE=20241016113500_jq0000mvvv000980e461pjhkp55e_WE0301
--/-- --:--:--.---|INFO        |処理フォルダ(String) 入力=[20241016113500_jq0000mvvv000980e461pjhkp55e_WE0301]
--/-- --:--:--.---|VARIABLE    |NAME=機能名, VALUE=実行プロジェクト作成
--/-- --:--:--.---|INFO        |機能名(String) 入力=[実行プロジェクト作成]
--/-- --:--:--.---|VARIABLE    |NAME=実行スクリプト, VALUE=
--/-- --:--:--.---|INFO        |実行スクリプト(String) 入力=[]
--/-- --:--:--.---|VARIABLE    |NAME=AP設定取得エラー, VALUE=true
--/-- --:--:--.---|INFO        |AP設定取得エラー(String) 入力=[true]
--/-- --:--:--.---|VARIABLE    |NAME=S3バケットIN, VALUE=bm-s3-datahub-if-prod
--/-- --:--:--.---|INFO        |S3バケットIN(String) 入力=[bm-s3-datahub-if-prod]
--/-- --:--:--.---|VARIABLE    |NAME=S3フォルダIN, VALUE=/WE0301
--/-- --:--:--.---|INFO        |S3フォルダIN(String) 入力=[/WE0301]
--/-- --:--:--.---|VARIABLE    |NAME=S3バケットOUT, VALUE=bm-s3-datahub-save-prod
--/-- --:--:--.---|INFO        |S3バケットOUT(String) 入力=[bm-s3-datahub-save-prod]
--/-- --:--:--.---|VARIABLE    |NAME=S3フォルダOUT, VALUE=
--/-- --:--:--.---|INFO        |S3フォルダOUT(String) 入力=[]
--/-- --:--:--.---|VARIABLE    |NAME=DSCフォルダ, VALUE=
--/-- --:--:--.---|INFO        |DSCフォルダ(String) 入力=[]
--/-- --:--:--.---|VARIABLE    |NAME=バックアップフォルダパス, VALUE=/data/MERGE/app/data/WE0301/BACKUP
--/-- --:--:--.---|INFO        |バックアップフォルダパス(String) 入力=[/data/MERGE/app/data/WE0301/BACKUP]
--/-- --:--:--.---|VARIABLE    |NAME=エラーフォルダパス, VALUE=/data/MERGE/app/data/WE0301/ERROR
--/-- --:--:--.---|INFO        |エラーフォルダパス(String) 入力=[/data/MERGE/app/data/WE0301/ERROR]
--/-- --:--:--.---|VARIABLE    |NAME=ファイル名称（フィルター）1, VALUE=K01OUT01\d{8}[1-3]
--/-- --:--:--.---|INFO        |ファイル名称（フィルター）1(String) 入力=[K01OUT01\d{8}[1-3]]
--/-- --:--:--.---|VARIABLE    |NAME=ファイル名称（フィルター）2, VALUE=K01OUT03\d{8}[1-3]
--/-- --:--:--.---|INFO        |ファイル名称（フィルター）2(String) 入力=[K01OUT03\d{8}[1-3]]
--/-- --:--:--.---|VARIABLE    |NAME=運用日付判定(時), VALUE=00
--/-- --:--:--.---|INFO        |運用日付判定(時)(String) 入力=[00]
--/-- --:--:--.---|VARIABLE    |NAME=運用日付判定(分), VALUE=00
--/-- --:--:--.---|INFO        |運用日付判定(分)(String) 入力=[00]
--/-- --:--:--.---|VARIABLE    |NAME=予備１, VALUE=
--/-- --:--:--.---|INFO        |予備１(String) 入力=[]
--/-- --:--:--.---|VARIABLE    |NAME=予備２, VALUE=
--/-- --:--:--.---|INFO        |予備２(String) 入力=[]
--/-- --:--:--.---|VARIABLE    |NAME=予備３, VALUE=
--/-- --:--:--.---|INFO        |予備３(String) 入力=[]
--/-- --:--:--.---|VARIABLE    |NAME=予備４, VALUE=
--/-- --:--:--.---|INFO        |予備４(String) 入力=[]
--/-- --:--:--.---|VARIABLE    |NAME=予備５, VALUE=
--/-- --:--:--.---|INFO        |予備５(String) 入力=[]
--/-- --:--:--.---|VARIABLE    |NAME=予備６, VALUE=
--/-- --:--:--.---|INFO        |予備６(String) 入力=[]
--/-- --:--:--.---|VARIABLE    |NAME=予備７, VALUE=
--/-- --:--:--.---|INFO        |予備７(String) 入力=[]
--/-- --:--:--.---|VARIABLE    |NAME=予備８, VALUE=
--/-- --:--:--.---|INFO        |予備８(String) 入力=[]
--/-- --:--:--.---|VARIABLE    |NAME=予備９, VALUE=
--/-- --:--:--.---|INFO        |予備９(String) 入力=[]
--/-- --:--:--.---|VARIABLE    |NAME=予備１０, VALUE=
--/-- --:--:--.---|INFO        |予備１０(String) 入力=[]
--/-- --:--:--.---|VARIABLE    |NAME=バックアップフォルダ名, VALUE=20241016113500_jq0000mvvv000980e461pjhkp55e_backup
--/-- --:--:--.---|INFO        |バックアップフォルダ名(String) 入力=[20241016113500_jq0000mvvv000980e461pjhkp55e_backup]
--/-- --:--:--.---|VARIABLE    |NAME=エラーフォルダ名, VALUE=20241016113500_jq0000mvvv000980e461pjhkp55e_error
--/-- --:--:--.---|INFO        |エラーフォルダ名(String) 入力=[20241016113500_jq0000mvvv000980e461pjhkp55e_error]
--/-- --:--:--.---|VARIABLE    |NAME=実行日時, VALUE=1729089300126
--/-- --:--:--.---|INFO        |実行日時(Date) 入力=[2024-10-16T23:35:00.126+0900]
10/16 23:35:00.126|END         |
10/16 23:35:00.126|BRANCH_START|NAME=if_1
--/-- --:--:--.---|EVALUATION  |NAME=AP設定エラー, RESULT=false
10/16 23:35:00.126|BRANCH_END  |
10/16 23:35:00.126|START       |NAME=フォルダ作成 
10/16 23:35:00.126|SCRIPT_START|SCRIPT=一時フォルダ作成, PROJECT=【次期CRM先行】共通処理部品, REPOSITORY=/home/z098334/projects/【次期CRM先行】共通処理部品, VERSION=6
--/-- --:--:--.---|VARIABLE    |NAME=バックアップフォルダパス, VALUE=/data/MERGE/app/data/WE0301/BACKUP
--/-- --:--:--.---|VARIABLE    |NAME=処理フォルダ名, VALUE=20241016113500_jq0000mvvv000980e461pjhkp55e_WE0301
--/-- --:--:--.---|VARIABLE    |NAME=エラーフォルダ名, VALUE=20241016113500_jq0000mvvv000980e461pjhkp55e_error
--/-- --:--:--.---|VARIABLE    |NAME=エラーフォルダパス, VALUE=/data/MERGE/app/data/WE0301/ERROR
--/-- --:--:--.---|VARIABLE    |NAME=バックアップフォルダ名, VALUE=20241016113500_jq0000mvvv000980e461pjhkp55e_backup
10/16 23:35:00.126|START       |NAME=処理フォルダ存在確認 [file_operation_adapter/check_exist_file]
10/16 23:35:00.131|END         |
10/16 23:35:00.131|BRANCH_START|NAME=if4
--/-- --:--:--.---|EVALUATION  |NAME=処理フォルダ有り, RESULT=false
10/16 23:35:00.131|BRANCH_END  |
10/16 23:35:00.131|START       |NAME=処理フォルダ作成 [file_operation_adapter/make_directory]
--/-- --:--:--.---|INFO        |[/data/MERGE/app/temp/20241016113500_jq0000mvvv000980e461pjhkp55e_WE0301]ディレクトリを作成しました。
10/16 23:35:00.133|END         |
10/16 23:35:00.133|START       |NAME=バックアップフォルダ存在確認 [file_operation_adapter/check_exist_file]
10/16 23:35:00.134|END         |
10/16 23:35:00.134|BRANCH_START|NAME=if5
--/-- --:--:--.---|EVALUATION  |NAME=バックアップフォルダ無し, RESULT=true
10/16 23:35:00.134|START       |NAME=バックアップフォルダ作成 [file_operation_adapter/make_directory]
--/-- --:--:--.---|INFO        |[/data/MERGE/app/data/WE0301/BACKUP/20241016113500_jq0000mvvv000980e461pjhkp55e_backup]ディレクトリを作成しました。
10/16 23:35:00.142|END         |
10/16 23:35:00.142|BRANCH_END  |
10/16 23:35:00.142|START       |NAME=エラーフォルダ存在確認 [file_operation_adapter/check_exist_file]
10/16 23:35:00.143|END         |
10/16 23:35:00.143|BRANCH_START|NAME=if6
--/-- --:--:--.---|EVALUATION  |NAME=エラーフォルダ無し, RESULT=true
10/16 23:35:00.143|START       |NAME=エラーフォルダ作成 [file_operation_adapter/make_directory]
--/-- --:--:--.---|INFO        |[/data/MERGE/app/data/WE0301/ERROR/20241016113500_jq0000mvvv000980e461pjhkp55e_error]ディレクトリを作成しました。
10/16 23:35:00.152|END         |
10/16 23:35:00.152|BRANCH_END  |
10/16 23:35:00.152|START       |NAME=変数格納1 
--/-- --:--:--.---|VARIABLE    |NAME=バックアップフォルダパス, VALUE=/data/MERGE/app/data/WE0301/BACKUP/20241016113500_jq0000mvvv000980e461pjhkp55e_backup
--/-- --:--:--.---|INFO        |バックアップフォルダパス(String) 入力=[/data/MERGE/app/data/WE0301/BACKUP/20241016113500_jq0000mvvv000980e461pjhkp55e_backup]
--/-- --:--:--.---|VARIABLE    |NAME=エラーフォルダパス, VALUE=/data/MERGE/app/data/WE0301/ERROR/20241016113500_jq0000mvvv000980e461pjhkp55e_error
--/-- --:--:--.---|INFO        |エラーフォルダパス(String) 入力=[/data/MERGE/app/data/WE0301/ERROR/20241016113500_jq0000mvvv000980e461pjhkp55e_error]
--/-- --:--:--.---|VARIABLE    |NAME=処理フォルダパス, VALUE=/data/MERGE/app/temp/20241016113500_jq0000mvvv000980e461pjhkp55e_WE0301
--/-- --:--:--.---|INFO        |処理フォルダパス(String) 入力=[/data/MERGE/app/temp/20241016113500_jq0000mvvv000980e461pjhkp55e_WE0301]
10/16 23:35:00.152|END         |
10/16 23:35:00.152|SCRIPT_END  |EXIT_STATUS=0
10/16 23:35:00.152|END         |
10/16 23:35:00.152|START       |NAME=開始ログ出力 
10/16 23:35:00.152|SCRIPT_START|SCRIPT=ログ出力, PROJECT=【次期CRM先行】共通処理部品, REPOSITORY=/home/z098334/projects/【次期CRM先行】共通処理部品, VERSION=9
--/-- --:--:--.---|VARIABLE    |NAME=param02, VALUE=実行プロジェクト作成
--/-- --:--:--.---|VARIABLE    |NAME=カテゴリ, VALUE=START
--/-- --:--:--.---|VARIABLE    |NAME=param01, VALUE=WE0301
--/-- --:--:--.---|VARIABLE    |NAME=メッセージID, VALUE=MSG0101
10/16 23:35:00.152|START       |NAME=メッセージ取得 
--/-- --:--:--.---|VARIABLE    |NAME=ログレベル, VALUE=I
--/-- --:--:--.---|INFO        |ログレベル(String) 入力=[I]
--/-- --:--:--.---|VARIABLE    |NAME=メッセージ, VALUE=jq0000mvvv000980e461pjhkp55e WE0301（実行プロジェクト作成）処理を開始します。
--/-- --:--:--.---|INFO        |メッセージ(String) 入力=[jq0000mvvv000980e461pjhkp55e WE0301（実行プロジェクト作成）処理を開始します。]
--/-- --:--:--.---|VARIABLE    |NAME=実行ID, VALUE=jq0000mvvv000980e461pjhkp55e
--/-- --:--:--.---|INFO        |実行ID(String) 入力=[jq0000mvvv000980e461pjhkp55e]
10/16 23:35:00.155|END         |
10/16 23:35:00.155|BRANCH_START|NAME=ログレベル判定
--/-- --:--:--.---|EVALUATION  |NAME=INFO, RESULT=true
10/16 23:35:00.155|START       |NAME=ログ出力_INFO 
10/16 23:35:00.155|END         |
10/16 23:35:00.155|BRANCH_END  |
10/16 23:35:00.155|BRANCH_START|NAME=if
--/-- --:--:--.---|EVALUATION  |NAME=異常終了, RESULT=false
--/-- --:--:--.---|EVALUATION  |NAME=警告終了, RESULT=false
10/16 23:35:00.155|BRANCH_END  |
10/16 23:35:00.155|SCRIPT_END  |EXIT_STATUS=0
10/16 23:35:00.155|END         |
10/16 23:35:00.155|START       |NAME=規制情報設定(開始) 
10/16 23:35:00.155|SCRIPT_START|SCRIPT=規制情報/01_規制情報設定_開始, PROJECT=【次期CRM先行】共通処理部品, REPOSITORY=/home/z098334/projects/【次期CRM先行】共通処理部品, VERSION=5
--/-- --:--:--.---|VARIABLE    |NAME=機能ID, VALUE=WE0301
--/-- --:--:--.---|VARIABLE    |NAME=レコードNo, VALUE=100
10/16 23:35:00.155|TRY_START   |NAME=try_catch
10/16 23:35:00.155|START       |NAME=規制情報更新 [amazon_rds_postgresql_adapter/execute_select_query]
--/-- --:--:--.---|INFO        |[1]件のデータの抽出に成功しました。
10/16 23:35:00.161|END         |
10/16 23:35:00.161|BRANCH_START|NAME=結果判定
--/-- --:--:--.---|EVALUATION  |NAME=更新失敗(規制中), RESULT=false
--/-- --:--:--.---|EVALUATION  |NAME=更新失敗(その他エラー), RESULT=false
10/16 23:35:00.161|BRANCH_END  |
10/16 23:35:00.161|TRY_END     |
10/16 23:35:00.161|SCRIPT_END  |EXIT_STATUS=0
10/16 23:35:00.161|END         |
10/16 23:35:00.161|BRANCH_START|NAME=if_3
--/-- --:--:--.---|EVALUATION  |NAME=規制情報設定(開始)エラー, RESULT=false
10/16 23:35:00.161|BRANCH_END  |
10/16 23:35:00.161|START       |NAME=変数格納 
--/-- --:--:--.---|VARIABLE    |NAME=運用日付, VALUE=2024-10-16T23:35:00.126+0900
--/-- --:--:--.---|INFO        |運用日付(String) 入力=[2024-10-16T23:35:00.126+0900]
--/-- --:--:--.---|VARIABLE    |NAME=PJ情報（実行PJ）ファイルフィルター, VALUE=K01OUT01\d{8}[1-3]
--/-- --:--:--.---|INFO        |PJ情報（実行PJ）ファイルフィルター(String) 入力=[K01OUT01\d{8}[1-3]]
--/-- --:--:--.---|VARIABLE    |NAME=実行PJ情報連携（提案商品紐付け）ファイルフィルター, VALUE=K01OUT03\d{8}[1-3]
--/-- --:--:--.---|INFO        |実行PJ情報連携（提案商品紐付け）ファイルフィルター(String) 入力=[K01OUT03\d{8}[1-3]]
--/-- --:--:--.---|VARIABLE    |NAME=処理フォルダ, VALUE=/data/MERGE/app/temp/20241016113500_jq0000mvvv000980e461pjhkp55e_WE0301
--/-- --:--:--.---|INFO        |処理フォルダ(String) 入力=[/data/MERGE/app/temp/20241016113500_jq0000mvvv000980e461pjhkp55e_WE0301]
--/-- --:--:--.---|VARIABLE    |NAME=処理結果フラグ, VALUE=0
--/-- --:--:--.---|INFO        |処理結果フラグ(int) 入力=[0]
--/-- --:--:--.---|VARIABLE    |NAME=実行ID, VALUE=jq0000mvvv000980e461pjhkp55e
--/-- --:--:--.---|INFO        |実行ID(String) 入力=[jq0000mvvv000980e461pjhkp55e]
--/-- --:--:--.---|VARIABLE    |NAME=バックアップフォルダパス, VALUE=/data/MERGE/app/data/WE0301/BACKUP/20241016113500_jq0000mvvv000980e461pjhkp55e_backup
--/-- --:--:--.---|INFO        |バックアップフォルダパス(String) 入力=[/data/MERGE/app/data/WE0301/BACKUP/20241016113500_jq0000mvvv000980e461pjhkp55e_backup]
--/-- --:--:--.---|VARIABLE    |NAME=エラーフォルダパス, VALUE=/data/MERGE/app/data/WE0301/ERROR/20241016113500_jq0000mvvv000980e461pjhkp55e_error
--/-- --:--:--.---|INFO        |エラーフォルダパス(String) 入力=[/data/MERGE/app/data/WE0301/ERROR/20241016113500_jq0000mvvv000980e461pjhkp55e_error]
10/16 23:35:00.161|END         |
10/16 23:35:00.161|START       |NAME=入力ファイル取得 
10/16 23:35:00.161|SCRIPT_START|SCRIPT=S3_DSCファイル移動, PROJECT=【次期CRM先行】共通処理部品, REPOSITORY=/home/z098334/projects/【次期CRM先行】共通処理部品, VERSION=4
--/-- --:--:--.---|VARIABLE    |NAME=入力フォルダ, VALUE=/WE0301
--/-- --:--:--.---|VARIABLE    |NAME=S3バケット, VALUE=bm-s3-datahub-if-prod
--/-- --:--:--.---|VARIABLE    |NAME=ローカルフォルダパス, VALUE=/data/MERGE/app/temp/20241016113500_jq0000mvvv000980e461pjhkp55e_WE0301
10/16 23:35:00.161|START       |NAME=S3内ファイル取得 [amazon_s3_adapter/get]
10/16 23:35:01.321|END         |
10/16 23:35:01.321|SCRIPT_END  |EXIT_STATUS=0
10/16 23:35:01.321|END         |
10/16 23:35:01.321|START       |NAME=list [file_operation_adapter/list_file]
--/-- --:--:--.---|INFO        |[/data/MERGE/app/temp/20241016113500_jq0000mvvv000980e461pjhkp55e_WE0301]ディレクトリのファイル名一覧を取得しました。
10/16 23:35:01.323|END         |
10/16 23:35:01.323|START       |NAME=mapping 
10/16 23:35:01.325|END         |
10/16 23:35:01.325|START       |NAME=SFDCセッション取得 
10/16 23:35:01.325|SCRIPT_START|SCRIPT=セッションファイル生成, PROJECT=【次期CRM先行】共通処理部品, REPOSITORY=/home/z098334/projects/【次期CRM先行】共通処理部品, VERSION=8
10/16 23:35:01.325|START       |NAME=セッションファイル存在確認 [file_operation_adapter/check_exist_file]
10/16 23:35:01.326|END         |
10/16 23:35:01.326|BRANCH_START|NAME=if
--/-- --:--:--.---|EVALUATION  |NAME=ファイル無し, RESULT=false
10/16 23:35:01.326|START       |NAME=セッションファイル読取1 [csv_adapter/get_data]
--/-- --:--:--.---|INFO        |[1]行のデータを抽出しました。
10/16 23:35:01.327|END         |
10/16 23:35:01.327|START       |NAME=変数代入1 
--/-- --:--:--.---|VARIABLE    |NAME=サーバURL, VALUE=https://ntt-east-crm.my.salesforce.com/services/Soap/u/43.0
--/-- --:--:--.---|INFO        |サーバURL(String) 入力=[https://ntt-east-crm.my.salesforce.com/services/Soap/u/43.0]
--/-- --:--:--.---|VARIABLE    |NAME=セッションID, VALUE=00D2v000002FbUv!ARcAQIlURfz1g9VPRMtamlym.ALWslD4iuvIvl.qD095JlcmStcRn7pVzRy9uCjLgELwRZJDo8XNz.5JeusgQGzkO1QiR22u
--/-- --:--:--.---|INFO        |セッションID(String) 入力=[00D2v000002FbUv!ARcAQIlURfz1g9VPRMtamlym.ALWslD4iuvIvl.qD095JlcmStcRn7pVzRy9uCjLgELwRZJDo8XNz.5JeusgQGzkO1QiR22u]
10/16 23:35:01.328|END         |
10/16 23:35:01.328|BRANCH_END  |
10/16 23:35:01.328|TRY_START   |NAME=try_catch
10/16 23:35:01.328|START       |NAME=セッションログイン [salesforce_adapter/session_id_login]
--/-- --:--:--.---|INFO        |サーバ[https://ntt-east-crm.my.salesforce.com/services/Soap/u/43.0]へセッションIDによる接続を開始します。
10/16 23:35:01.713|END         |
10/16 23:35:01.713|TRY_END     |
10/16 23:35:01.713|SCRIPT_END  |EXIT_STATUS=0
10/16 23:35:01.713|END         |
10/16 23:35:01.713|LOOP_START  |NAME=foreach
10/16 23:35:01.714|START       |NAME=ファイル別処理フラグ設定 
--/-- --:--:--.---|VARIABLE    |NAME=ファイル別処理フラグ, VALUE=1
--/-- --:--:--.---|INFO        |ファイル別処理フラグ(int) 入力=[1]
--/-- --:--:--.---|VARIABLE    |NAME=対象ファイル名, VALUE=K01OUT01202410163
--/-- --:--:--.---|INFO        |対象ファイル名(String) 入力=[K01OUT01202410163]
10/16 23:35:01.714|END         |
10/16 23:35:01.714|START       |NAME=ローカルバックアップ [file_operation_adapter/move_file]
--/-- --:--:--.---|INFO        |[/data/MERGE/app/temp/20241016113500_jq0000mvvv000980e461pjhkp55e_WE0301/K01OUT01202410163]ファイル/ディレクトリを移動しました。
--/-- --:--:--.---|INFO        |[1]件を移動しました。
10/16 23:35:01.720|END         |
10/16 23:35:01.720|BRANCH_START|NAME=処理フラグ判定_1
--/-- --:--:--.---|EVALUATION  |NAME=1_PJ情報（実行PJ）ファイル_1, RESULT=true
10/16 23:35:01.720|START       |NAME=開始ログ出力_1 
10/16 23:35:01.720|SCRIPT_START|SCRIPT=ログ出力, PROJECT=【次期CRM先行】共通処理部品, REPOSITORY=/home/z098334/projects/【次期CRM先行】共通処理部品, VERSION=9
--/-- --:--:--.---|VARIABLE    |NAME=param02, VALUE=実行プロジェクト反映
--/-- --:--:--.---|VARIABLE    |NAME=カテゴリ, VALUE=START
--/-- --:--:--.---|VARIABLE    |NAME=param01, VALUE=実行プロジェクト作成
--/-- --:--:--.---|VARIABLE    |NAME=メッセージID, VALUE=MSG0101
10/16 23:35:01.720|START       |NAME=メッセージ取得 
--/-- --:--:--.---|VARIABLE    |NAME=ログレベル, VALUE=I
--/-- --:--:--.---|INFO        |ログレベル(String) 入力=[I]
--/-- --:--:--.---|VARIABLE    |NAME=メッセージ, VALUE=jq0000mvvv000980e461pjhkp55e 実行プロジェクト作成（実行プロジェクト反映）処理を開始します。
--/-- --:--:--.---|INFO        |メッセージ(String) 入力=[jq0000mvvv000980e461pjhkp55e 実行プロジェクト作成（実行プロジェクト反映）処理を開始します。]
--/-- --:--:--.---|VARIABLE    |NAME=実行ID, VALUE=jq0000mvvv000980e461pjhkp55e
--/-- --:--:--.---|INFO        |実行ID(String) 入力=[jq0000mvvv000980e461pjhkp55e]
10/16 23:35:01.723|END         |
10/16 23:35:01.723|BRANCH_START|NAME=ログレベル判定
--/-- --:--:--.---|EVALUATION  |NAME=INFO, RESULT=true
10/16 23:35:01.723|START       |NAME=ログ出力_INFO 
10/16 23:35:01.723|END         |
10/16 23:35:01.723|BRANCH_END  |
10/16 23:35:01.723|BRANCH_START|NAME=if
--/-- --:--:--.---|EVALUATION  |NAME=異常終了, RESULT=false
--/-- --:--:--.---|EVALUATION  |NAME=警告終了, RESULT=false
10/16 23:35:01.723|BRANCH_END  |
10/16 23:35:01.723|SCRIPT_END  |EXIT_STATUS=0
10/16 23:35:01.723|END         |
10/16 23:35:01.723|START       |NAME=処理ファイル件数集計_1 
--/-- --:--:--.---|VARIABLE    |NAME=フィルター１処理ファイル件数, VALUE=1
--/-- --:--:--.---|INFO        |フィルター１処理ファイル件数(int) 入力=[1]
10/16 23:35:01.724|END         |
10/16 23:35:01.724|START       |NAME=連携処理_1 
10/16 23:35:01.733|SCRIPT_START|SCRIPT=196_PJ情報(実行PJ)/196_01_PJ情報(実行プロジェクト), PROJECT=【データ連携HUB】WE0301_実行プロジェクト作成, REPOSITORY=/home/z098330/projects/【データ連携HUB】WE0301_実行プロジェクト作成, VERSION=107
--/-- --:--:--.---|VARIABLE    |NAME=処理フォルダ, VALUE=/data/MERGE/app/temp/20241016113500_jq0000mvvv000980e461pjhkp55e_WE0301
--/-- --:--:--.---|VARIABLE    |NAME=対象ファイル名, VALUE=K01OUT01202410163
--/-- --:--:--.---|VARIABLE    |NAME=運用日付, VALUE=2024-10-16T23:35:00.126+0900
--/-- --:--:--.---|VARIABLE    |NAME=格納先フォルダ, VALUE=/data/MERGE/app/data/WE0301/BACKUP/20241016113500_jq0000mvvv000980e461pjhkp55e_backup
--/-- --:--:--.---|VARIABLE    |NAME=エラーフォルダパス, VALUE=/data/MERGE/app/data/WE0301/ERROR/20241016113500_jq0000mvvv000980e461pjhkp55e_error
10/16 23:35:01.733|TRY_START   |NAME=try_全体
10/16 23:35:01.733|START       |NAME=エラーファイル名生成 
--/-- --:--:--.---|VARIABLE    |NAME=エラーファイル名, VALUE=K01OUT01202410163_1_ERROR.CSV
--/-- --:--:--.---|INFO        |エラーファイル名(String) 入力=[K01OUT01202410163_1_ERROR.CSV]
--/-- --:--:--.---|VARIABLE    |NAME=商談取得エラーF, VALUE=K01OUT01202410163_1_商談取得_ERROR.CSV
--/-- --:--:--.---|INFO        |商談取得エラーF(String) 入力=[K01OUT01202410163_1_商談取得_ERROR.CSV]
--/-- --:--:--.---|VARIABLE    |NAME=継続・更改元実行PJ名取得エラーF, VALUE=K01OUT01202410163_1_継続・更改元実行PJ名取得_ERROR.CSV
--/-- --:--:--.---|INFO        |継続・更改元実行PJ名取得エラーF(String) 入力=[K01OUT01202410163_1_継続・更改元実行PJ名取得_ERROR.CSV]
--/-- --:--:--.---|VARIABLE    |NAME=取引先取得エラーF, VALUE=K01OUT01202410163_1_取引先取得_ERROR.CSV
--/-- --:--:--.---|INFO        |取引先取得エラーF(String) 入力=[K01OUT01202410163_1_取引先取得_ERROR.CSV]
--/-- --:--:--.---|VARIABLE    |NAME=契約先企業名取得エラーF, VALUE=K01OUT01202410163_1_契約先企業名取得_ERROR.CSV
--/-- --:--:--.---|INFO        |契約先企業名取得エラーF(String) 入力=[K01OUT01202410163_1_契約先企業名取得_ERROR.CSV]
--/-- --:--:--.---|VARIABLE    |NAME=実行プロジェクト取得エラーF, VALUE=K01OUT01202410163_1_実行プロジェクト取得_ERROR.CSV
--/-- --:--:--.---|INFO        |実行プロジェクト取得エラーF(String) 入力=[K01OUT01202410163_1_実行プロジェクト取得_ERROR.CSV]
10/16 23:35:01.734|END         |
10/16 23:35:01.734|START       |NAME=PJ情報（実行PJ）F読込 [csv_adapter/get_data]
--/-- --:--:--.---|INFO        |[112]行のデータを抽出しました。
10/16 23:35:01.739|END         |
10/16 23:35:01.739|START       |NAME=抽出件数加算 
--/-- --:--:--.---|VARIABLE    |NAME=抽出件数, VALUE=112
--/-- --:--:--.---|INFO        |抽出件数(int) 入力=[112]
10/16 23:35:01.739|END         |
10/16 23:35:01.739|START       |NAME=ログ出力_正常 
10/16 23:35:01.739|SCRIPT_START|SCRIPT=ログ出力, PROJECT=【次期CRM先行】共通処理部品, REPOSITORY=/home/z098334/projects/【次期CRM先行】共通処理部品, VERSION=9
--/-- --:--:--.---|VARIABLE    |NAME=param02, VALUE=K01OUT01202410163
--/-- --:--:--.---|VARIABLE    |NAME=カテゴリ, VALUE=IF
--/-- --:--:--.---|VARIABLE    |NAME=param01, VALUE=2024-10-16T23:35:00.126+0900
--/-- --:--:--.---|VARIABLE    |NAME=param03, VALUE=112
--/-- --:--:--.---|VARIABLE    |NAME=メッセージID, VALUE=MSG0335
10/16 23:35:01.739|START       |NAME=メッセージ取得 
--/-- --:--:--.---|VARIABLE    |NAME=ログレベル, VALUE=I
--/-- --:--:--.---|INFO        |ログレベル(String) 入力=[I]
--/-- --:--:--.---|VARIABLE    |NAME=メッセージ, VALUE=jq0000mvvv000980e461pjhkp55e 現在日時＝2024-10-16T23:35:00.126+0900、ファイル名＝K01OUT01202410163、抽出件数＝112
--/-- --:--:--.---|INFO        |メッセージ(String) 入力=[jq0000mvvv000980e461pjhkp55e 現在日時＝2024-10-16T23:35:00.126+0900、ファイル名＝K01OUT01202410163、抽出件数＝112]
--/-- --:--:--.---|VARIABLE    |NAME=実行ID, VALUE=jq0000mvvv000980e461pjhkp55e
--/-- --:--:--.---|INFO        |実行ID(String) 入力=[jq0000mvvv000980e461pjhkp55e]
10/16 23:35:01.742|END         |
10/16 23:35:01.742|BRANCH_START|NAME=ログレベル判定
--/-- --:--:--.---|EVALUATION  |NAME=INFO, RESULT=true
10/16 23:35:01.742|START       |NAME=ログ出力_INFO 
10/16 23:35:01.742|END         |
10/16 23:35:01.742|BRANCH_END  |
10/16 23:35:01.742|BRANCH_START|NAME=if
--/-- --:--:--.---|EVALUATION  |NAME=異常終了, RESULT=false
--/-- --:--:--.---|EVALUATION  |NAME=警告終了, RESULT=false
10/16 23:35:01.742|BRANCH_END  |
10/16 23:35:01.742|SCRIPT_END  |EXIT_STATUS=0
10/16 23:35:01.742|END         |
10/16 23:35:01.742|START       |NAME=商談検索マップ 
10/16 23:35:01.743|END         |
10/16 23:35:01.743|START       |NAME=商談検索パラメータ生成 [salesforce_adapter/form_query_parameter]
--/-- --:--:--.---|INFO        |[112]件の入力データから、[1]件のIN句のパラメータの形成に成功しました。
10/16 23:35:02.179|END         |
10/16 23:35:02.179|LOOP_START  |NAME=foreach_1
10/16 23:35:02.179|START       |NAME=商談取得prm格納 
--/-- --:--:--.---|VARIABLE    |NAME=実行プロジェクトパラメータ, VALUE=OpportunityCode__c IN('P22B004FB1','P22A0034B8','P2280004B5','P2280004B5','P2280004B5','P230909486','P230344347','P240955732','P230018403','P241047030','P240997627','P230929445','P241432421','P230345813','P240998820','P230470728','P22C0041B0','P241475060','P241042106','P241486135','P241475397','P230021322','P241487676','P241487926','P241487932','P241488453','P241489237','P241012394','P240988391','P241477473','P241491297','P241477556','P240998825','P241493999','P241491312','P230472926','P241013798','P241496872','P241445934','P241355791','P241497410','P241497137','P241045592','P240995270','P241030255','P241356139','P241498321','P230426530','P241413607','P230479235','P241493829','P241499050','P241016658','P241497722','P241498636','P241475859','P240980020','P241471740','P240983546','P227008B8F','P241474329','P241449727','P241492948','P241499416','P241025544','P241493762','P230460786','P230925644','P241499450','P241475719','P240978620','P241495980','P230946907','P230447382','P241499472','P241020225','P2020016E7','P241436234','P241432298','P241486668','P241499474','P240989288','P230901527','P240991418','P241489123','P241416498','P241359782','P241498599','P241449586','P241035359','P241449586','P230380963','P230477761','P241449586','P241474080','P241018282','P241018654','P241473452','P241499483','P241475571','P240971979','P241472042','P241474342','P230035197','P230378936','P241041233','P241024463','P206032E8B','P240958617','P240958617','P241031910','P241443398')
--/-- --:--:--.---|INFO        |実行プロジェクトパラメータ(String) 入力=[OpportunityCode__c IN('P22B004FB1','P22A0034B8','P2280004B5','P2280004B5','P2280004B5','P230909486','P230344347','P240955732','P230018403','P241047030','P240997627','P230929445','P241432421','P230345813','P240998820','P230470728','P22C0041B0','P241475060','P241042106','P241486135','P241475397','P230021322','P241487676','P241487926','P241487932','P241488453','P241489237','P241012394','P240988391','P241477473','P241491297','P241477556','P240998825','P241493999','P241491312','P230472926','P241013798','P241496872','P241445934','P241355791','P241497410','P241497137','P241045592','P240995270','P241030255','P241356139','P241498321','P230426530','P241413607','P230479235','P241493829','P241499050','P241016658','P241497722','P241498636','P241475859','P240980020','P241471740','P240983546','P227008B8F','P241474329','P241449727','P241492948','P241499416','P241025544','P241493762','P230460786','P230925644','P241499450','P241475719','P240978620','P241495980','P230946907','P230447382','P241499472','P241020225','P2020016E7','P241436234','P241432298','P241486668','P241499474','P240989288','P230901527','P240991418','P241489123','P241416498','P241359782','P241498599','P241449586','P241035359','P241449586','P230380963','P230477761','P241449586','P241474080','P241018282','P241018654','P241473452','P241499483','P241475571','P240971979','P241472042','P241474342','P230035197','P230378936','P241041233','P241024463','P206032E8B','P240958617','P240958617','P241031910','P241443398')]
10/16 23:35:02.180|END         |
10/16 23:35:02.180|START       |NAME=商談取得 [salesforce_adapter/get_data]
--/-- --:--:--.---|INFO        |[107]件のデータ読み取り(クエリー)に成功しました。
10/16 23:35:02.323|END         |
10/16 23:35:02.323|START       |NAME=集計_1 
--/-- --:--:--.---|INFO        |集計処理(グループ分けあり)が正常に終了しました。
10/16 23:35:02.326|END         |
10/16 23:35:02.326|START       |NAME=商談抽出マップ_1 
10/16 23:35:02.326|END         |
10/16 23:35:02.326|START       |NAME=商談抽出_1 [csv_adapter/put_data]
--/-- --:--:--.---|INFO        |[107]行のデータを挿入しました。
10/16 23:35:02.330|END         |
10/16 23:35:02.330|START       |NAME=商談抽出マップ_2 
10/16 23:35:02.332|END         |
10/16 23:35:02.332|START       |NAME=商談抽出_2 [csv_adapter/put_data]
--/-- --:--:--.---|INFO        |[107]行のデータを挿入しました。
10/16 23:35:02.335|END         |
10/16 23:35:02.335|LOOP_END    |COUNT=1
10/16 23:35:02.335|START       |NAME=継続・更改元実行PJ名検索マップ 
10/16 23:35:02.336|END         |
10/16 23:35:02.336|START       |NAME=継続・更改元実行PJ名検索パラメータ生成 [salesforce_adapter/form_query_parameter]
--/-- --:--:--.---|INFO        |[112]件の入力データから、[1]件のIN句のパラメータの形成に成功しました。
10/16 23:35:02.518|END         |
10/16 23:35:02.518|LOOP_START  |NAME=foreach_2
10/16 23:35:02.518|START       |NAME=継続・更改元実行PJ名取得prm格納 
--/-- --:--:--.---|VARIABLE    |NAME=継続・更改元実行PJ名検索パラメータ, VALUE=ExecutionPJcode__c IN('','B22A000282','','','','','','','','','B23B000389','','','','B23C0001E1','B23800007B','','B23A0004F4','','','','','','','','','','','','B239000266','','','','','','','','','B2360004A9','B241000465','','','','','','','','','','','','','','','','','','','','','B238000471','','','B238000355','','','','','','','','','B23900024E','','','','','','','','','','','','','','','','','','','','','','','','','','','','','','B23A0000FD','','','','','','','','B23C000494','')
--/-- --:--:--.---|INFO        |継続・更改元実行PJ名検索パラメータ(String) 入力=[ExecutionPJcode__c IN('','B22A000282','','','','','','','','','B23B000389','','','','B23C0001E1','B23800007B','','B23A0004F4','','','','','','','','','','','','B239000266','','','','','','','','','B2360004A9','B241000465','','','','','','','','','','','','','','','','','','','','','B238000471','','','B238000355','','','','','','','','','B23900024E','','','','','','','','','','','','','','','','','','','','','','','','','','','','','','B23A0000FD','','','','','','','','B23C000494','')]
10/16 23:35:02.518|END         |
10/16 23:35:02.519|START       |NAME=継続・更改元実行PJ名取得 [salesforce_adapter/get_data]
--/-- --:--:--.---|INFO        |[13]件のデータ読み取り(クエリー)に成功しました。
10/16 23:35:14.864|END         |
10/16 23:35:14.864|START       |NAME=集計_2 
--/-- --:--:--.---|INFO        |集計処理(グループ分けあり)が正常に終了しました。
10/16 23:35:14.865|END         |
10/16 23:35:14.865|START       |NAME=継続・更改元実行PJ名抽出マップ_1 
10/16 23:35:14.865|END         |
10/16 23:35:14.865|START       |NAME=継続・更改元実行PJ名抽出_1 [csv_adapter/put_data]
--/-- --:--:--.---|INFO        |[13]行のデータを挿入しました。
10/16 23:35:14.869|END         |
10/16 23:35:14.869|START       |NAME=継続・更改元実行PJ名抽出マップ_2 
10/16 23:35:14.870|END         |
10/16 23:35:14.870|START       |NAME=継続・更改元実行PJ名抽出_2 [csv_adapter/put_data]
--/-- --:--:--.---|INFO        |[13]行のデータを挿入しました。
10/16 23:35:14.872|END         |
10/16 23:35:14.872|LOOP_END    |COUNT=1
10/16 23:35:14.872|START       |NAME=取引先検索マップ 
10/16 23:35:14.873|END         |
10/16 23:35:14.873|START       |NAME=取引先検索パラメータ生成 [salesforce_adapter/form_query_parameter]
--/-- --:--:--.---|INFO        |[112]件の入力データから、[1]件のIN句のパラメータの形成に成功しました。
10/16 23:35:15.171|END         |
10/16 23:35:15.171|LOOP_START  |NAME=foreach_3
10/16 23:35:15.171|START       |NAME=取引先取得prm格納 
--/-- --:--:--.---|VARIABLE    |NAME=取引先検索パラメータ, VALUE=CompanyID__c IN('02510079','33995282','05083100','05083100','05083100','05130000','05102040','02790759','00420620','02560295','05041000','02311836','05063010','05014020','06545857','11235831','33995282','02397805','43739694','00101803','00101803','09900300','06534965','00494020','00494020','05024080','15825741','05910030','04180004','13874090','05140000','05092160','42901653','05102020','05200000','00270678','05024250','05024450','02510945','05132040','05910036','06502255','04170551','02310808','16293818','05070000','02560979','00204543','05112270','05012240','05010000','09900200','05060091','05142150','05142150','05090000','00109075','04800503','04800503','05122110','16168274','06502699','06501282','05105240','00106471','04800264','05052150','01011290','05024080','05024020','05083100','06507433','03310418','05132270','02592550','05131210','05024080','05130000','05132110','05094070','00110910','00595490','05060000','02560753','05131010','00204031','05131010','00204031','02991437','02590380','02991437','05131120','05075460','02991437','02600820','05102100','05075610','42896290','02560320','05092160','05083100','06507439','05024420','06522838','33995282','04390684','47151083','05112220','05083100','05083100','02396121','05092100')
--/-- --:--:--.---|INFO        |取引先検索パラメータ(String) 入力=[CompanyID__c IN('02510079','33995282','05083100','05083100','05083100','05130000','05102040','02790759','00420620','02560295','05041000','02311836','05063010','05014020','06545857','11235831','33995282','02397805','43739694','00101803','00101803','09900300','06534965','00494020','00494020','05024080','15825741','05910030','04180004','13874090','05140000','05092160','42901653','05102020','05200000','00270678','05024250','05024450','02510945','05132040','05910036','06502255','04170551','02310808','16293818','05070000','02560979','00204543','05112270','05012240','05010000','09900200','05060091','05142150','05142150','05090000','00109075','04800503','04800503','05122110','16168274','06502699','06501282','05105240','00106471','04800264','05052150','01011290','05024080','05024020','05083100','06507433','03310418','05132270','02592550','05131210','05024080','05130000','05132110','05094070','00110910','00595490','05060000','02560753','05131010','00204031','05131010','00204031','02991437','02590380','02991437','05131120','05075460','02991437','02600820','05102100','05075610','42896290','02560320','05092160','05083100','06507439','05024420','06522838','33995282','04390684','47151083','05112220','05083100','05083100','02396121','05092100')]
10/16 23:35:15.171|END         |
10/16 23:35:15.171|START       |NAME=取引先取得 [salesforce_adapter/get_data]
--/-- --:--:--.---|INFO        |[92]件のデータ読み取り(クエリー)に成功しました。
10/16 23:35:15.322|END         |
10/16 23:35:15.322|START       |NAME=集計_3 
--/-- --:--:--.---|INFO        |集計処理(グループ分けあり)が正常に終了しました。
10/16 23:35:15.325|END         |
10/16 23:35:15.325|START       |NAME=取引先抽出マップ_1 
10/16 23:35:15.325|END         |
10/16 23:35:15.325|START       |NAME=取引先抽出_1 [csv_adapter/put_data]
--/-- --:--:--.---|INFO        |[92]行のデータを挿入しました。
10/16 23:35:15.329|END         |
10/16 23:35:15.329|START       |NAME=取引先抽出マップ_2 
10/16 23:35:15.330|END         |
10/16 23:35:15.330|START       |NAME=取引先抽出_2 [csv_adapter/put_data]
--/-- --:--:--.---|INFO        |[92]行のデータを挿入しました。
10/16 23:35:15.333|END         |
10/16 23:35:15.333|LOOP_END    |COUNT=1
10/16 23:35:15.333|START       |NAME=契約先企業名検索マップ 
10/16 23:35:15.334|END         |
10/16 23:35:15.334|START       |NAME=契約先企業名検索パラメータ生成 [salesforce_adapter/form_query_parameter]
--/-- --:--:--.---|INFO        |[112]件の入力データから、[1]件のIN句のパラメータの形成に成功しました。
10/16 23:35:15.334|END         |
10/16 23:35:15.334|LOOP_START  |NAME=foreach_4
10/16 23:35:15.335|START       |NAME=契約先企業名取得prm格納 
--/-- --:--:--.---|VARIABLE    |NAME=契約先企業名検索パラメータ, VALUE=CompanyID__c IN('','','','','','','','','','','','','','','','','','','','','','','','','','','','','','','','','','','','','','','','','','','','','','','','','','','','','','','','','','','','','','','','','','','','','','','','','','','','','','','','','','','','','','','','','','','','','','','','','','','','','','','','','','','','','','','','')
--/-- --:--:--.---|INFO        |契約先企業名検索パラメータ(String) 入力=[CompanyID__c IN('','','','','','','','','','','','','','','','','','','','','','','','','','','','','','','','','','','','','','','','','','','','','','','','','','','','','','','','','','','','','','','','','','','','','','','','','','','','','','','','','','','','','','','','','','','','','','','','','','','','','','','','','','','','','','','','')]
10/16 23:35:15.335|END         |
10/16 23:35:15.335|START       |NAME=契約先企業名取得 [salesforce_adapter/get_data]
--/-- --:--:--.---|INFO        |[1]件のデータ読み取り(クエリー)に成功しました。
10/16 23:35:15.408|END         |
10/16 23:35:15.408|START       |NAME=集計_4 
--/-- --:--:--.---|INFO        |集計処理(グループ分けあり)が正常に終了しました。
10/16 23:35:15.409|END         |
10/16 23:35:15.409|START       |NAME=契約先企業名抽出マップ_1 
10/16 23:35:15.409|END         |
10/16 23:35:15.409|START       |NAME=契約先企業名抽出_1 [csv_adapter/put_data]
--/-- --:--:--.---|INFO        |[1]行のデータを挿入しました。
10/16 23:35:15.412|END         |
10/16 23:35:15.412|START       |NAME=契約先企業名抽出マップ_2 
10/16 23:35:15.412|END         |
10/16 23:35:15.412|START       |NAME=契約先企業名抽出_2 [csv_adapter/put_data]
--/-- --:--:--.---|INFO        |[1]行のデータを挿入しました。
10/16 23:35:15.415|END         |
10/16 23:35:15.415|LOOP_END    |COUNT=1
10/16 23:35:15.415|START       |NAME=更新対象判別マップ 
10/16 23:35:15.416|END         |
10/16 23:35:15.416|START       |NAME=更新対象判別パラメータ生成 [salesforce_adapter/form_query_parameter]
--/-- --:--:--.---|INFO        |[112]件の入力データから、[1]件のIN句のパラメータの形成に成功しました。
10/16 23:35:15.417|END         |
10/16 23:35:15.417|LOOP_START  |NAME=foreach_5
10/16 23:35:15.417|START       |NAME=更新対象判別取得prm格納 
--/-- --:--:--.---|VARIABLE    |NAME=更新対象判別パラメータ, VALUE=ExecutionPJcode__c IN('B234000192','B23A00049E','B2410005BD','B2410005BC','B228000186','B23C0001F7','B236000126','B242000111','B23B00045C','B24600035A','B24300029F','B2470001BF','B247000436','B24400008F','B248000389','B249000004','B238000462','B249000112','B249000171','B24900028F','B24900011E','B2370001A5','B24900035C','B249000372','B249000374','B2490003A7','B2490003FE','B2480002C3','B249000482','B249000222','B2490004A0','B249000228','B2490004CA','B24A000127','B2490004BD','B24A000189','B24400033B','B24A0001E2','B24A000230','B24A00005F','B24A00023A','B24A000272','B24A0002A9','B2430000BE','B249000454','B24A0002D3','B24A0002E3','B237000122','B24A0002EF','B249000189','B24A000304','B24A00030F','B2440004C1','B24A000317','B24A000318','B24A0002FB','B245000134','B24A0001EE','B242000250','B2430001A6','B2490000C4','B24A000049','B24A000153','B24A000323','B247000190','B24A000150','B2380000A4','B2450004DE','B24A000324','B249000141','B24A000326','B24A000325','B249000139','B2430003F6','B24A000327','B2470004D6','B23B000190','B24900037A','B247000377','B2490002D7','B24A000328','B242000558','B24700028D','B24900026B','B24900041A','B24A000329','B24700004C','B24A00032A','B24A00032B','B2450004A9','B24A00032D','B24A00032C','B23900014C','B24A00032E','B249000226','B244000557','B249000074','B2490003E7','B24A00032F','B249000336','B24200002C','B2490004CE','B249000097','B24A000063','B248000314','B24A000330','B2480002F7','B24800007E','B241000366','B2410005B4','B249000455','B248000063')
--/-- --:--:--.---|INFO        |更新対象判別パラメータ(String) 入力=[ExecutionPJcode__c IN('B234000192','B23A00049E','B2410005BD','B2410005BC','B228000186','B23C0001F7','B236000126','B242000111','B23B00045C','B24600035A','B24300029F','B2470001BF','B247000436','B24400008F','B248000389','B249000004','B238000462','B249000112','B249000171','B24900028F','B24900011E','B2370001A5','B24900035C','B249000372','B249000374','B2490003A7','B2490003FE','B2480002C3','B249000482','B249000222','B2490004A0','B249000228','B2490004CA','B24A000127','B2490004BD','B24A000189','B24400033B','B24A0001E2','B24A000230','B24A00005F','B24A00023A','B24A000272','B24A0002A9','B2430000BE','B249000454','B24A0002D3','B24A0002E3','B237000122','B24A0002EF','B249000189','B24A000304','B24A00030F','B2440004C1','B24A000317','B24A000318','B24A0002FB','B245000134','B24A0001EE','B242000250','B2430001A6','B2490000C4','B24A000049','B24A000153','B24A000323','B247000190','B24A000150','B2380000A4','B2450004DE','B24A000324','B249000141','B24A000326','B24A000325','B249000139','B2430003F6','B24A000327','B2470004D6','B23B000190','B24900037A','B247000377','B2490002D7','B24A000328','B242000558','B24700028D','B24900026B','B24900041A','B24A000329','B24700004C','B24A00032A','B24A00032B','B2450004A9','B24A00032D','B24A00032C','B23900014C','B24A00032E','B249000226','B244000557','B249000074','B2490003E7','B24A00032F','B249000336','B24200002C','B2490004CE','B249000097','B24A000063','B248000314','B24A000330','B2480002F7','B24800007E','B241000366','B2410005B4','B249000455','B248000063')]
10/16 23:35:15.417|END         |
10/16 23:35:15.417|START       |NAME=更新対象判別取得 [salesforce_adapter/get_data]
--/-- --:--:--.---|INFO        |[98]件のデータ読み取り(クエリー)に成功しました。
10/16 23:35:15.555|END         |
10/16 23:35:15.555|START       |NAME=集計_5 
--/-- --:--:--.---|INFO        |集計処理(グループ分けあり)が正常に終了しました。
10/16 23:35:15.557|END         |
10/16 23:35:15.557|START       |NAME=更新対象判別抽出マップ_1 
10/16 23:35:15.557|END         |
10/16 23:35:15.557|START       |NAME=更新対象判別抽出_1 [csv_adapter/put_data]
--/-- --:--:--.---|INFO        |[98]行のデータを挿入しました。
10/16 23:35:15.561|END         |
10/16 23:35:15.561|START       |NAME=更新対象判別抽出マップ_2 
10/16 23:35:15.562|END         |
10/16 23:35:15.562|START       |NAME=更新対象判別抽出_2 [csv_adapter/put_data]
--/-- --:--:--.---|INFO        |[98]行のデータを挿入しました。
10/16 23:35:15.565|END         |
10/16 23:35:15.565|LOOP_END    |COUNT=1
10/16 23:35:15.565|START       |NAME=INSERTマップ 
10/16 23:35:15.576|END         |
10/16 23:35:15.576|START       |NAME=INSERT_レコード無し [salesforce_adapter/put_insert]
--/-- --:--:--.---|INFO        |[14]件の入力データから、[14]件のデータ書き込み（INSERT）に成功しました。
10/16 23:35:15.925|END         |
10/16 23:35:15.925|START       |NAME=UPDATEマップ 
10/16 23:35:15.934|END         |
10/16 23:35:15.934|START       |NAME=UPDATE_レコードあり [salesforce_adapter/put_update]
--/-- --:--:--.---|INFO        |[98]件の入力データから、[98]件のデータ書き込み（UPDATE）（INSERT:[0]件、UPDATE:[98]件）に成功しました。
10/16 23:35:16.599|END         |
10/16 23:35:16.599|START       |NAME=削除対象抽出 
10/16 23:35:16.601|END         |
10/16 23:35:16.601|START       |NAME=DELETE_削除フラグあり [salesforce_adapter/put_delete]
--/-- --:--:--.---|INFO        |[0]件の入力データから、[0]件のデータ書き込み（DELETE）に成功しました。
10/16 23:35:16.601|END         |
10/16 23:35:16.601|BRANCH_START|NAME=if_16
--/-- --:--:--.---|EVALUATION  |NAME=追加・更新・削除エラーあり, RESULT=false
10/16 23:35:16.601|BRANCH_END  |
10/16 23:35:16.601|START       |NAME=実行プロジェクト取得エラーＦ警告抽出 
10/16 23:35:16.602|END         |
10/16 23:35:16.602|LOOP_START  |NAME=foreach_7
10/16 23:35:16.602|LOOP_END    |COUNT=0
10/16 23:35:16.602|BRANCH_START|NAME=if_12
--/-- --:--:--.---|EVALUATION  |NAME=condition, RESULT=false
10/16 23:35:16.602|BRANCH_END  |
10/16 23:35:16.602|START       |NAME=実行プロジェクト取得エラーＦ異常抽出 
10/16 23:35:16.605|END         |
10/16 23:35:16.605|LOOP_START  |NAME=foreach_18
10/16 23:35:16.605|LOOP_END    |COUNT=0
10/16 23:35:16.605|BRANCH_START|NAME=if_13
--/-- --:--:--.---|EVALUATION  |NAME=condition, RESULT=false
10/16 23:35:16.605|BRANCH_END  |
10/16 23:35:16.605|START       |NAME=商談取得エラーF異常抽出_1 
10/16 23:35:16.608|END         |
10/16 23:35:16.608|LOOP_START  |NAME=foreach_8
10/16 23:35:16.608|LOOP_END    |COUNT=0
10/16 23:35:16.608|BRANCH_START|NAME=if_1
--/-- --:--:--.---|EVALUATION  |NAME=condition, RESULT=false
10/16 23:35:16.608|BRANCH_END  |
10/16 23:35:16.608|START       |NAME=商談取得エラーF異常抽出_2 
10/16 23:35:16.611|END         |
10/16 23:35:16.611|LOOP_START  |NAME=foreach_9
10/16 23:35:16.611|LOOP_END    |COUNT=0
10/16 23:35:16.611|BRANCH_START|NAME=if_2
--/-- --:--:--.---|EVALUATION  |NAME=condition, RESULT=false
10/16 23:35:16.611|BRANCH_END  |
10/16 23:35:16.611|START       |NAME=継続・更改元実行PJ名取得エラーF警告抽出 
10/16 23:35:16.613|END         |
10/16 23:35:16.613|LOOP_START  |NAME=foreach_10
10/16 23:35:16.613|LOOP_END    |COUNT=0
10/16 23:35:16.613|BRANCH_START|NAME=if_3
--/-- --:--:--.---|EVALUATION  |NAME=condition, RESULT=false
10/16 23:35:16.613|BRANCH_END  |
10/16 23:35:16.613|START       |NAME=継続・更改元実行PJ名取得エラーF異常抽出 
10/16 23:35:16.615|END         |
10/16 23:35:16.615|LOOP_START  |NAME=foreach_11
10/16 23:35:16.615|LOOP_END    |COUNT=0
10/16 23:35:16.615|BRANCH_START|NAME=if_4
--/-- --:--:--.---|EVALUATION  |NAME=condition, RESULT=false
10/16 23:35:16.615|BRANCH_END  |
10/16 23:35:16.615|START       |NAME=取引先取得エラーF警告抽出 
10/16 23:35:16.617|END         |
10/16 23:35:16.617|LOOP_START  |NAME=foreach_12
10/16 23:35:16.617|LOOP_END    |COUNT=0
10/16 23:35:16.617|BRANCH_START|NAME=if_5
--/-- --:--:--.---|EVALUATION  |NAME=condition, RESULT=false
10/16 23:35:16.617|BRANCH_END  |
10/16 23:35:16.617|START       |NAME=取引先取得エラーF異常抽出 
10/16 23:35:16.620|END         |
10/16 23:35:16.620|LOOP_START  |NAME=foreach_13
10/16 23:35:16.620|LOOP_END    |COUNT=0
10/16 23:35:16.620|BRANCH_START|NAME=if_6
--/-- --:--:--.---|EVALUATION  |NAME=condition, RESULT=false
10/16 23:35:16.620|BRANCH_END  |
10/16 23:35:16.620|START       |NAME=契約先企業名取得エラーF警告抽出 
10/16 23:35:16.621|END         |
10/16 23:35:16.621|LOOP_START  |NAME=foreach_14
10/16 23:35:16.621|LOOP_END    |COUNT=0
10/16 23:35:16.621|BRANCH_START|NAME=if_7
--/-- --:--:--.---|EVALUATION  |NAME=condition, RESULT=false
10/16 23:35:16.621|BRANCH_END  |
10/16 23:35:16.621|START       |NAME=契約先企業名取得エラーF異常抽出 
10/16 23:35:16.623|END         |
10/16 23:35:16.623|LOOP_START  |NAME=foreach_15
10/16 23:35:16.623|LOOP_END    |COUNT=0
10/16 23:35:16.623|BRANCH_START|NAME=if_8
--/-- --:--:--.---|EVALUATION  |NAME=condition, RESULT=false
10/16 23:35:16.623|BRANCH_END  |
10/16 23:35:16.623|START       |NAME=処理件数集計 
--/-- --:--:--.---|VARIABLE    |NAME=正常件数, VALUE=112
--/-- --:--:--.---|INFO        |正常件数(int) 入力=[112]
--/-- --:--:--.---|VARIABLE    |NAME=異常件数, VALUE=0
--/-- --:--:--.---|INFO        |異常件数(int) 入力=[0]
10/16 23:35:16.623|END         |
10/16 23:35:16.623|START       |NAME=処理件数MSG出力 
10/16 23:35:16.623|SCRIPT_START|SCRIPT=ログ出力, PROJECT=【次期CRM先行】共通処理部品, REPOSITORY=/home/z098334/projects/【次期CRM先行】共通処理部品, VERSION=9
--/-- --:--:--.---|VARIABLE    |NAME=param02, VALUE=112
--/-- --:--:--.---|VARIABLE    |NAME=カテゴリ, VALUE=IF
--/-- --:--:--.---|VARIABLE    |NAME=param01, VALUE=実行プロジェクト反映処理 K01OUT01202410163
--/-- --:--:--.---|VARIABLE    |NAME=param03, VALUE=0
--/-- --:--:--.---|VARIABLE    |NAME=メッセージID, VALUE=MSG0110
--/-- --:--:--.---|VARIABLE    |NAME=param04, VALUE=0
10/16 23:35:16.623|START       |NAME=メッセージ取得 
--/-- --:--:--.---|VARIABLE    |NAME=ログレベル, VALUE=I
--/-- --:--:--.---|INFO        |ログレベル(String) 入力=[I]
--/-- --:--:--.---|VARIABLE    |NAME=メッセージ, VALUE=jq0000mvvv000980e461pjhkp55e 実行プロジェクト反映処理 K01OUT01202410163 正常:112 異常:0 警告:0
--/-- --:--:--.---|INFO        |メッセージ(String) 入力=[jq0000mvvv000980e461pjhkp55e 実行プロジェクト反映処理 K01OUT01202410163 正常:112 異常:0 警告:0]
--/-- --:--:--.---|VARIABLE    |NAME=実行ID, VALUE=jq0000mvvv000980e461pjhkp55e
--/-- --:--:--.---|INFO        |実行ID(String) 入力=[jq0000mvvv000980e461pjhkp55e]
10/16 23:35:16.625|END         |
10/16 23:35:16.625|BRANCH_START|NAME=ログレベル判定
--/-- --:--:--.---|EVALUATION  |NAME=INFO, RESULT=true
10/16 23:35:16.625|START       |NAME=ログ出力_INFO 
10/16 23:35:16.625|END         |
10/16 23:35:16.625|BRANCH_END  |
10/16 23:35:16.625|BRANCH_START|NAME=if
--/-- --:--:--.---|EVALUATION  |NAME=異常終了, RESULT=false
--/-- --:--:--.---|EVALUATION  |NAME=警告終了, RESULT=false
10/16 23:35:16.625|BRANCH_END  |
10/16 23:35:16.625|SCRIPT_END  |EXIT_STATUS=0
10/16 23:35:16.625|END         |
10/16 23:35:16.625|TRY_END     |
10/16 23:35:16.626|SCRIPT_END  |EXIT_STATUS=0
10/16 23:35:16.626|END         |
10/16 23:35:16.626|START       |NAME=処理件数集計_1 
--/-- --:--:--.---|VARIABLE    |NAME=正常件数, VALUE=112
--/-- --:--:--.---|INFO        |正常件数(int) 入力=[112]
--/-- --:--:--.---|VARIABLE    |NAME=異常件数, VALUE=0
--/-- --:--:--.---|INFO        |異常件数(int) 入力=[0]
--/-- --:--:--.---|VARIABLE    |NAME=警告件数, VALUE=0
--/-- --:--:--.---|INFO        |警告件数(int) 入力=[0]
10/16 23:35:16.626|END         |
10/16 23:35:16.626|BRANCH_START|NAME=if_6
--/-- --:--:--.---|EVALUATION  |NAME=連携処理_1異常終了, RESULT=false
10/16 23:35:16.626|BRANCH_END  |
10/16 23:35:16.626|START       |NAME=開始ログ出力_2 
10/16 23:35:16.626|SCRIPT_START|SCRIPT=ログ出力, PROJECT=【次期CRM先行】共通処理部品, REPOSITORY=/home/z098334/projects/【次期CRM先行】共通処理部品, VERSION=9
--/-- --:--:--.---|VARIABLE    |NAME=param02, VALUE=受託契約情報反映
--/-- --:--:--.---|VARIABLE    |NAME=カテゴリ, VALUE=START
--/-- --:--:--.---|VARIABLE    |NAME=param01, VALUE=実行プロジェクト作成
--/-- --:--:--.---|VARIABLE    |NAME=メッセージID, VALUE=MSG0101
10/16 23:35:16.626|START       |NAME=メッセージ取得 
--/-- --:--:--.---|VARIABLE    |NAME=ログレベル, VALUE=I
--/-- --:--:--.---|INFO        |ログレベル(String) 入力=[I]
--/-- --:--:--.---|VARIABLE    |NAME=メッセージ, VALUE=jq0000mvvv000980e461pjhkp55e 実行プロジェクト作成（受託契約情報反映）処理を開始します。
--/-- --:--:--.---|INFO        |メッセージ(String) 入力=[jq0000mvvv000980e461pjhkp55e 実行プロジェクト作成（受託契約情報反映）処理を開始します。]
--/-- --:--:--.---|VARIABLE    |NAME=実行ID, VALUE=jq0000mvvv000980e461pjhkp55e
--/-- --:--:--.---|INFO        |実行ID(String) 入力=[jq0000mvvv000980e461pjhkp55e]
10/16 23:35:16.629|END         |
10/16 23:35:16.629|BRANCH_START|NAME=ログレベル判定
--/-- --:--:--.---|EVALUATION  |NAME=INFO, RESULT=true
10/16 23:35:16.629|START       |NAME=ログ出力_INFO 
10/16 23:35:16.629|END         |
10/16 23:35:16.629|BRANCH_END  |
10/16 23:35:16.629|BRANCH_START|NAME=if
--/-- --:--:--.---|EVALUATION  |NAME=異常終了, RESULT=false
--/-- --:--:--.---|EVALUATION  |NAME=警告終了, RESULT=false
10/16 23:35:16.629|BRANCH_END  |
10/16 23:35:16.629|SCRIPT_END  |EXIT_STATUS=0
10/16 23:35:16.629|END         |
10/16 23:35:16.629|START       |NAME=連携処理_2 
10/16 23:35:16.635|SCRIPT_START|SCRIPT=196_PJ情報(実行PJ)/196_02_PJ情報(受託契約情報), PROJECT=【データ連携HUB】WE0301_実行プロジェクト作成, REPOSITORY=/home/z098330/projects/【データ連携HUB】WE0301_実行プロジェクト作成, VERSION=117
--/-- --:--:--.---|VARIABLE    |NAME=対象ファイル名, VALUE=K01OUT01202410163
--/-- --:--:--.---|VARIABLE    |NAME=運用日付, VALUE=2024-10-16T23:35:00.126+0900
--/-- --:--:--.---|VARIABLE    |NAME=エラーフォルダパス, VALUE=/data/MERGE/app/data/WE0301/ERROR/20241016113500_jq0000mvvv000980e461pjhkp55e_error
--/-- --:--:--.---|VARIABLE    |NAME=処理フォルダ, VALUE=/data/MERGE/app/temp/20241016113500_jq0000mvvv000980e461pjhkp55e_WE0301
--/-- --:--:--.---|VARIABLE    |NAME=格納先フォルダ, VALUE=/data/MERGE/app/data/WE0301/BACKUP/20241016113500_jq0000mvvv000980e461pjhkp55e_backup
10/16 23:35:16.635|TRY_START   |NAME=try_全体
10/16 23:35:16.635|START       |NAME=エラーファイル名生成 
--/-- --:--:--.---|VARIABLE    |NAME=エラーファイル名, VALUE=K01OUT01202410163_2_ERROR.CSV
--/-- --:--:--.---|INFO        |エラーファイル名(String) 入力=[K01OUT01202410163_2_ERROR.CSV]
--/-- --:--:--.---|VARIABLE    |NAME=実行プロジェクト取得エラーF, VALUE=K01OUT01202410163_2_実行プロジェクト取得_ERROR.CSV
--/-- --:--:--.---|INFO        |実行プロジェクト取得エラーF(String) 入力=[K01OUT01202410163_2_実行プロジェクト取得_ERROR.CSV]
--/-- --:--:--.---|VARIABLE    |NAME=ユーザオブジェクト取得エラーF, VALUE=K01OUT01202410163_2_ユーザオブジェクト取得_ERROR.CSV
--/-- --:--:--.---|INFO        |ユーザオブジェクト取得エラーF(String) 入力=[K01OUT01202410163_2_ユーザオブジェクト取得_ERROR.CSV]
--/-- --:--:--.---|VARIABLE    |NAME=受託契約情報取得エラーF, VALUE=K01OUT01202410163_2_受託契約情報取得_ERROR.CSV
--/-- --:--:--.---|INFO        |受託契約情報取得エラーF(String) 入力=[K01OUT01202410163_2_受託契約情報取得_ERROR.CSV]
10/16 23:35:16.635|END         |
10/16 23:35:16.635|START       |NAME=契約番号あり抽出F名生成 
--/-- --:--:--.---|VARIABLE    |NAME=契約番号あり抽出ファイル, VALUE=K01OUT01202410163_契約番号あり.csv
--/-- --:--:--.---|INFO        |契約番号あり抽出ファイル(String) 入力=[K01OUT01202410163_契約番号あり.csv]
10/16 23:35:16.635|END         |
10/16 23:35:16.635|START       |NAME=PJ情報（実行PJ）F読込 [csv_adapter/get_data]
--/-- --:--:--.---|INFO        |[112]行のデータを抽出しました。
10/16 23:35:16.640|END         |
10/16 23:35:16.640|START       |NAME=契約番号あり抽出 
--/-- --:--:--.---|INFO        |[契約番号あり抽出(196_PJ情報(実行PJ)/196_02_PJ情報(受託契約情報)@1c798a53)]PSP処理を開始しました。
10/16 23:35:16.641|END         |
10/16 23:35:16.641|START       |NAME=契約番号あり抽出F書込 [csv_adapter/put_data]
--/-- --:--:--.---|INFO        |[58]行のデータを挿入しました。
10/16 23:35:16.644|END         |
--/-- --:--:--.---|INFO        |[契約番号あり抽出(196_PJ情報(実行PJ)/196_02_PJ情報(受託契約情報)@1c798a53)]PSP処理を終了しました。
10/16 23:35:16.645|START       |NAME=契約番号あり抽出F読込 [csv_adapter/get_data]
--/-- --:--:--.---|INFO        |[58]行のデータを抽出しました。
10/16 23:35:16.648|END         |
10/16 23:35:16.648|START       |NAME=抽出件数加算 
--/-- --:--:--.---|VARIABLE    |NAME=抽出件数, VALUE=58
--/-- --:--:--.---|INFO        |抽出件数(int) 入力=[58]
10/16 23:35:16.648|END         |
10/16 23:35:16.648|START       |NAME=ログ出力_正常 
10/16 23:35:16.648|SCRIPT_START|SCRIPT=ログ出力, PROJECT=【次期CRM先行】共通処理部品, REPOSITORY=/home/z098334/projects/【次期CRM先行】共通処理部品, VERSION=9
--/-- --:--:--.---|VARIABLE    |NAME=param02, VALUE=K01OUT01202410163
--/-- --:--:--.---|VARIABLE    |NAME=カテゴリ, VALUE=IF
--/-- --:--:--.---|VARIABLE    |NAME=param01, VALUE=2024-10-16T23:35:00.126+0900
--/-- --:--:--.---|VARIABLE    |NAME=param03, VALUE=58
--/-- --:--:--.---|VARIABLE    |NAME=メッセージID, VALUE=MSG0335
10/16 23:35:16.648|START       |NAME=メッセージ取得 
--/-- --:--:--.---|VARIABLE    |NAME=ログレベル, VALUE=I
--/-- --:--:--.---|INFO        |ログレベル(String) 入力=[I]
--/-- --:--:--.---|VARIABLE    |NAME=メッセージ, VALUE=jq0000mvvv000980e461pjhkp55e 現在日時＝2024-10-16T23:35:00.126+0900、ファイル名＝K01OUT01202410163、抽出件数＝58
--/-- --:--:--.---|INFO        |メッセージ(String) 入力=[jq0000mvvv000980e461pjhkp55e 現在日時＝2024-10-16T23:35:00.126+0900、ファイル名＝K01OUT01202410163、抽出件数＝58]
--/-- --:--:--.---|VARIABLE    |NAME=実行ID, VALUE=jq0000mvvv000980e461pjhkp55e
--/-- --:--:--.---|INFO        |実行ID(String) 入力=[jq0000mvvv000980e461pjhkp55e]
10/16 23:35:16.651|END         |
10/16 23:35:16.651|BRANCH_START|NAME=ログレベル判定
--/-- --:--:--.---|EVALUATION  |NAME=INFO, RESULT=true
10/16 23:35:16.651|START       |NAME=ログ出力_INFO 
10/16 23:35:16.651|END         |
10/16 23:35:16.651|BRANCH_END  |
10/16 23:35:16.651|BRANCH_START|NAME=if
--/-- --:--:--.---|EVALUATION  |NAME=異常終了, RESULT=false
--/-- --:--:--.---|EVALUATION  |NAME=警告終了, RESULT=false
10/16 23:35:16.651|BRANCH_END  |
10/16 23:35:16.651|SCRIPT_END  |EXIT_STATUS=0
10/16 23:35:16.651|END         |
10/16 23:35:16.651|START       |NAME=実行PJ検索マップ 
10/16 23:35:16.652|END         |
10/16 23:35:16.652|START       |NAME=実行PJ検索パラメータ生成 [salesforce_adapter/form_query_parameter]
--/-- --:--:--.---|INFO        |[58]件の入力データから、[1]件のIN句のパラメータの形成に成功しました。
10/16 23:35:16.652|END         |
10/16 23:35:16.652|LOOP_START  |NAME=foreach_1
10/16 23:35:16.652|START       |NAME=実行PJ取得prm格納 
--/-- --:--:--.---|VARIABLE    |NAME=実行プロジェクト検索パラメータ, VALUE=ExecutionPJcode__c IN('B234000192','B23A00049E','B2410005BD','B2410005BC','B228000186','B23C0001F7','B236000126','B242000111','B23B00045C','B24300029F','B247000436','B24400008F','B238000462','B2370001A5','B2480002C3','B249000228','B2490004CA','B2490004BD','B24400033B','B24A00005F','B249000454','B237000122','B249000189','B2440004C1','B245000134','B2430001A6','B2490000C4','B24A000049','B24A000153','B247000190','B24A000150','B2450004DE','B249000141','B249000139','B2430003F6','B23B000190','B24900037A','B247000377','B242000558','B24700028D','B24900026B','B24900041A','B24700004C','B2450004A9','B249000226','B244000557','B249000074','B2490003E7','B249000336','B24200002C','B2490004CE','B24A000063','B248000314','B2480002F7','B241000366','B2410005B4','B249000455','B248000063')
--/-- --:--:--.---|INFO        |実行プロジェクト検索パラメータ(String) 入力=[ExecutionPJcode__c IN('B234000192','B23A00049E','B2410005BD','B2410005BC','B228000186','B23C0001F7','B236000126','B242000111','B23B00045C','B24300029F','B247000436','B24400008F','B238000462','B2370001A5','B2480002C3','B249000228','B2490004CA','B2490004BD','B24400033B','B24A00005F','B249000454','B237000122','B249000189','B2440004C1','B245000134','B2430001A6','B2490000C4','B24A000049','B24A000153','B247000190','B24A000150','B2450004DE','B249000141','B249000139','B2430003F6','B23B000190','B24900037A','B247000377','B242000558','B24700028D','B24900026B','B24900041A','B24700004C','B2450004A9','B249000226','B244000557','B249000074','B2490003E7','B249000336','B24200002C','B2490004CE','B24A000063','B248000314','B2480002F7','B241000366','B2410005B4','B249000455','B248000063')]
10/16 23:35:16.652|END         |
10/16 23:35:16.652|START       |NAME=実行PJ取得 [salesforce_adapter/get_data]
--/-- --:--:--.---|INFO        |[58]件のデータ読み取り(クエリー)に成功しました。
10/16 23:35:16.733|END         |
10/16 23:35:16.733|START       |NAME=集計_1 
--/-- --:--:--.---|INFO        |集計処理(グループ分けあり)が正常に終了しました。
10/16 23:35:16.735|END         |
10/16 23:35:16.735|START       |NAME=実行PJ抽出マップ_1 
10/16 23:35:16.735|END         |
10/16 23:35:16.735|START       |NAME=実行PJ抽出_1 [csv_adapter/put_data]
--/-- --:--:--.---|INFO        |[58]行のデータを挿入しました。
10/16 23:35:16.738|END         |
10/16 23:35:16.738|START       |NAME=実行PJ抽出マップ_2 
10/16 23:35:16.739|END         |
10/16 23:35:16.739|START       |NAME=実行PJ抽出_2 [csv_adapter/put_data]
--/-- --:--:--.---|INFO        |[58]行のデータを挿入しました。
10/16 23:35:16.741|END         |
10/16 23:35:16.741|LOOP_END    |COUNT=1
10/16 23:35:16.741|START       |NAME=ユーザobj検索マップ 
10/16 23:35:16.742|END         |
10/16 23:35:16.742|START       |NAME=ユーザobj検索パラメータ生成 [salesforce_adapter/form_query_parameter]
--/-- --:--:--.---|INFO        |[58]件の入力データから、[1]件のIN句のパラメータの形成に成功しました。
10/16 23:35:17.374|END         |
10/16 23:35:17.374|LOOP_START  |NAME=foreach_2
10/16 23:35:17.374|START       |NAME=ユーザobj取得prm格納 
--/-- --:--:--.---|VARIABLE    |NAME=ユーザオブジェクト検索パラメータ, VALUE=NTTResponsibleCode__c IN('28147220','90023620','19796380','19796380','19796380','15776270','28624730','19316690','19536380','83250460','15811250','85020380','N8299370','17646060','84674980','15805550','16952890','19786770','82432670','84965020','19799860','28147220','18457730','08578530','18436760','84740120','16835270','87736850','87736850','12736130','87736850','18454250','17070320','84536000','84964720','83476240','15776270','15395020','20183550','12731210','28186940','90536550','90536550','18530550','84537980','19316300','19201730','19315390','27567450','19796380','18415240','19799440','N8299370','15804960','19796380','19796380','19785500','18531140')
--/-- --:--:--.---|INFO        |ユーザオブジェクト検索パラメータ(String) 入力=[NTTResponsibleCode__c IN('28147220','90023620','19796380','19796380','19796380','15776270','28624730','19316690','19536380','83250460','15811250','85020380','N8299370','17646060','84674980','15805550','16952890','19786770','82432670','84965020','19799860','28147220','18457730','08578530','18436760','84740120','16835270','87736850','87736850','12736130','87736850','18454250','17070320','84536000','84964720','83476240','15776270','15395020','20183550','12731210','28186940','90536550','90536550','18530550','84537980','19316300','19201730','19315390','27567450','19796380','18415240','19799440','N8299370','15804960','19796380','19796380','19785500','18531140')]
10/16 23:35:17.375|END         |
10/16 23:35:17.375|START       |NAME=ユーザobj取得 [salesforce_adapter/get_data]
--/-- --:--:--.---|INFO        |[47]件のデータ読み取り(クエリー)に成功しました。
10/16 23:35:17.475|END         |
10/16 23:35:17.475|START       |NAME=集計_2 
--/-- --:--:--.---|INFO        |集計処理(グループ分けあり)が正常に終了しました。
10/16 23:35:17.477|END         |
10/16 23:35:17.477|START       |NAME=ユーザobj抽出マップ_1 
10/16 23:35:17.478|END         |
10/16 23:35:17.478|START       |NAME=ユーザobj抽出_1 [csv_adapter/put_data]
--/-- --:--:--.---|INFO        |[47]行のデータを挿入しました。
10/16 23:35:17.481|END         |
10/16 23:35:17.481|START       |NAME=ユーザobj抽出マップ_2 
10/16 23:35:17.482|END         |
10/16 23:35:17.482|START       |NAME=ユーザobj抽出_2 [csv_adapter/put_data]
--/-- --:--:--.---|INFO        |[47]行のデータを挿入しました。
10/16 23:35:17.485|END         |
10/16 23:35:17.485|LOOP_END    |COUNT=1
10/16 23:35:17.485|START       |NAME=受託契約情報検索マップ 
10/16 23:35:17.485|END         |
10/16 23:35:17.485|START       |NAME=受託契約情報検索パラメータ生成 [salesforce_adapter/form_query_parameter]
--/-- --:--:--.---|INFO        |[58]件の入力データから、[1]件のIN句のパラメータの形成に成功しました。
10/16 23:35:17.607|END         |
10/16 23:35:17.607|LOOP_START  |NAME=foreach_3
10/16 23:35:17.607|START       |NAME=受託契約情報取得prm格納 
--/-- --:--:--.---|VARIABLE    |NAME=受託契約情報検索パラメータ, VALUE=PromiseNoAndPracticePJCode__c IN('35-5094B234000192','36-0019B23A00049E','35-3607B2410005BD','35-3609B2410005BC','35-3608B228000186','36-0158B23C0001F7','36-3091B236000126','36-0052B242000111','36-0202B23B00045C','36-3061B24300029F','36-0203B247000436','36-0852B24400008F','35-0976B238000462','36-0003B2370001A5','36-0948B2480002C3','36-0183B249000228','36-0540B2490004CA','36-3417B2490004BD','36-3200B24400033B','36-3146B24A00005F','36-0562B249000454','36-5096B237000122','36-1377B249000189','36-0159B2440004C1','36-0744B245000134','36-0171B2430001A6','36-0569B2490000C4','36-1383B24A000049','36-1373B24A000153','36-0837B247000190','36-1372B24A000150','36-0304B2450004DE','36-3207B249000141','36-0183B249000139','36-3074B2430003F6','36-3175B23B000190','36-1000B24900037A','36-3126B247000377','36-0982B242000558','36-0196B24700028D','36-0299B24900026B','36-0536B24900041A','36-0364B24700004C','36-0193B2450004A9','36-5090B249000226','36-3181B244000557','36-0373B249000074','36-3190B2490003E7','36-0188B249000336','36-3146B24200002C','36-1001B2490004CE','36-0570B24A000063','36-4074B248000314','36-0963B2480002F7','36-3329B241000366','36-3330B2410005B4','36-1002B249000455','36-0182B248000063')
--/-- --:--:--.---|INFO        |受託契約情報検索パラメータ(String) 入力=[PromiseNoAndPracticePJCode__c IN('35-5094B234000192','36-0019B23A00049E','35-3607B2410005BD','35-3609B2410005BC','35-3608B228000186','36-0158B23C0001F7','36-3091B236000126','36-0052B242000111','36-0202B23B00045C','36-3061B24300029F','36-0203B247000436','36-0852B24400008F','35-0976B238000462','36-0003B2370001A5','36-0948B2480002C3','36-0183B249000228','36-0540B2490004CA','36-3417B2490004BD','36-3200B24400033B','36-3146B24A00005F','36-0562B249000454','36-5096B237000122','36-1377B249000189','36-0159B2440004C1','36-0744B245000134','36-0171B2430001A6','36-0569B2490000C4','36-1383B24A000049','36-1373B24A000153','36-0837B247000190','36-1372B24A000150','36-0304B2450004DE','36-3207B249000141','36-0183B249000139','36-3074B2430003F6','36-3175B23B000190','36-1000B24900037A','36-3126B247000377','36-0982B242000558','36-0196B24700028D','36-0299B24900026B','36-0536B24900041A','36-0364B24700004C','36-0193B2450004A9','36-5090B249000226','36-3181B244000557','36-0373B249000074','36-3190B2490003E7','36-0188B249000336','36-3146B24200002C','36-1001B2490004CE','36-0570B24A000063','36-4074B248000314','36-0963B2480002F7','36-3329B241000366','36-3330B2410005B4','36-1002B249000455','36-0182B248000063')]
10/16 23:35:17.607|END         |
10/16 23:35:17.607|START       |NAME=更新対象判別パラメータ取得 [salesforce_adapter/get_data]
--/-- --:--:--.---|INFO        |[50]件のデータ読み取り(クエリー)に成功しました。
10/16 23:35:17.728|END         |
10/16 23:35:17.728|START       |NAME=更新対象判別抽出マップ_2 
10/16 23:35:17.728|END         |
10/16 23:35:17.728|START       |NAME=更新対象判別抽出_2 [csv_adapter/put_data]
--/-- --:--:--.---|INFO        |[50]行のデータを挿入しました。
10/16 23:35:17.731|END         |
10/16 23:35:17.731|LOOP_END    |COUNT=1
10/16 23:35:17.731|START       |NAME=UPSERTマップ 
10/16 23:35:17.745|END         |
10/16 23:35:17.745|START       |NAME=UPSERT_削除フラグ無し、商談レコードあり [salesforce_adapter/put_upsert]
--/-- --:--:--.---|INFO        |[58]件の入力データから、[58]件のデータ書き込み（UPSERT）（INSERT:[8]件、UPDATE:[50]件）に成功しました。
10/16 23:35:18.206|END         |
10/16 23:35:18.206|BRANCH_START|NAME=if_10
--/-- --:--:--.---|EVALUATION  |NAME=追加・更新エラーあり, RESULT=false
10/16 23:35:18.207|BRANCH_END  |
10/16 23:35:18.207|START       |NAME=不正レコード抽出_1 
10/16 23:35:18.210|END         |
10/16 23:35:18.210|LOOP_START  |NAME=foreach_4
10/16 23:35:18.210|LOOP_END    |COUNT=0
10/16 23:35:18.210|BRANCH_START|NAME=if_5
--/-- --:--:--.---|EVALUATION  |NAME=condition, RESULT=false
10/16 23:35:18.210|BRANCH_END  |
10/16 23:35:18.210|START       |NAME=受託契約情報エラーF警告抽出 
10/16 23:35:18.211|END         |
10/16 23:35:18.211|LOOP_START  |NAME=foreach_5
10/16 23:35:18.211|LOOP_END    |COUNT=0
10/16 23:35:18.211|BRANCH_START|NAME=if_6
--/-- --:--:--.---|EVALUATION  |NAME=condition, RESULT=false
10/16 23:35:18.211|BRANCH_END  |
10/16 23:35:18.211|START       |NAME=実行プロジェクトエラーF警告抽出 
10/16 23:35:18.212|END         |
10/16 23:35:18.212|LOOP_START  |NAME=foreach_6
10/16 23:35:18.212|LOOP_END    |COUNT=0
10/16 23:35:18.212|BRANCH_START|NAME=if_1
--/-- --:--:--.---|EVALUATION  |NAME=condition, RESULT=false
10/16 23:35:18.212|BRANCH_END  |
10/16 23:35:18.212|START       |NAME=実行プロジェクトエラーF異常抽出 
10/16 23:35:18.215|END         |
10/16 23:35:18.215|LOOP_START  |NAME=foreach_7
10/16 23:35:18.215|LOOP_END    |COUNT=0
10/16 23:35:18.215|BRANCH_START|NAME=if_2
--/-- --:--:--.---|EVALUATION  |NAME=condition, RESULT=false
10/16 23:35:18.215|BRANCH_END  |
10/16 23:35:18.215|START       |NAME=ユーザオブジェクトエラーF警告抽出 
10/16 23:35:18.217|END         |
10/16 23:35:18.217|LOOP_START  |NAME=foreach_8
10/16 23:35:18.217|LOOP_END    |COUNT=0
10/16 23:35:18.217|BRANCH_START|NAME=if_3
--/-- --:--:--.---|EVALUATION  |NAME=condition, RESULT=false
10/16 23:35:18.217|BRANCH_END  |
10/16 23:35:18.217|START       |NAME=ユーザオブジェクトエラーF異常抽出 
10/16 23:35:18.220|END         |
10/16 23:35:18.220|LOOP_START  |NAME=foreach_9
10/16 23:35:18.220|LOOP_END    |COUNT=0
10/16 23:35:18.220|BRANCH_START|NAME=if_4
--/-- --:--:--.---|EVALUATION  |NAME=condition, RESULT=false
10/16 23:35:18.220|BRANCH_END  |
10/16 23:35:18.220|START       |NAME=処理件数集計 
--/-- --:--:--.---|VARIABLE    |NAME=正常件数, VALUE=58
--/-- --:--:--.---|INFO        |正常件数(int) 入力=[58]
--/-- --:--:--.---|VARIABLE    |NAME=異常件数, VALUE=0
--/-- --:--:--.---|INFO        |異常件数(int) 入力=[0]
10/16 23:35:18.220|END         |
10/16 23:35:18.220|START       |NAME=処理件数MSG出力 
10/16 23:35:18.220|SCRIPT_START|SCRIPT=ログ出力, PROJECT=【次期CRM先行】共通処理部品, REPOSITORY=/home/z098334/projects/【次期CRM先行】共通処理部品, VERSION=9
--/-- --:--:--.---|VARIABLE    |NAME=param02, VALUE=58
--/-- --:--:--.---|VARIABLE    |NAME=カテゴリ, VALUE=IF
--/-- --:--:--.---|VARIABLE    |NAME=param01, VALUE=受託契約情報反映処理 K01OUT01202410163
--/-- --:--:--.---|VARIABLE    |NAME=param03, VALUE=0
--/-- --:--:--.---|VARIABLE    |NAME=メッセージID, VALUE=MSG0110
--/-- --:--:--.---|VARIABLE    |NAME=param04, VALUE=0
10/16 23:35:18.220|START       |NAME=メッセージ取得 
--/-- --:--:--.---|VARIABLE    |NAME=ログレベル, VALUE=I
--/-- --:--:--.---|INFO        |ログレベル(String) 入力=[I]
--/-- --:--:--.---|VARIABLE    |NAME=メッセージ, VALUE=jq0000mvvv000980e461pjhkp55e 受託契約情報反映処理 K01OUT01202410163 正常:58 異常:0 警告:0
--/-- --:--:--.---|INFO        |メッセージ(String) 入力=[jq0000mvvv000980e461pjhkp55e 受託契約情報反映処理 K01OUT01202410163 正常:58 異常:0 警告:0]
--/-- --:--:--.---|VARIABLE    |NAME=実行ID, VALUE=jq0000mvvv000980e461pjhkp55e
--/-- --:--:--.---|INFO        |実行ID(String) 入力=[jq0000mvvv000980e461pjhkp55e]
10/16 23:35:18.223|END         |
10/16 23:35:18.223|BRANCH_START|NAME=ログレベル判定
--/-- --:--:--.---|EVALUATION  |NAME=INFO, RESULT=true
10/16 23:35:18.223|START       |NAME=ログ出力_INFO 
10/16 23:35:18.223|END         |
10/16 23:35:18.223|BRANCH_END  |
10/16 23:35:18.223|BRANCH_START|NAME=if
--/-- --:--:--.---|EVALUATION  |NAME=異常終了, RESULT=false
--/-- --:--:--.---|EVALUATION  |NAME=警告終了, RESULT=false
10/16 23:35:18.223|BRANCH_END  |
10/16 23:35:18.223|SCRIPT_END  |EXIT_STATUS=0
10/16 23:35:18.223|END         |
10/16 23:35:18.223|TRY_END     |
10/16 23:35:18.223|SCRIPT_END  |EXIT_STATUS=0
10/16 23:35:18.223|END         |
10/16 23:35:18.223|START       |NAME=処理件数集計_2 
--/-- --:--:--.---|VARIABLE    |NAME=正常件数, VALUE=170
--/-- --:--:--.---|INFO        |正常件数(int) 入力=[170]
--/-- --:--:--.---|VARIABLE    |NAME=異常件数, VALUE=0
--/-- --:--:--.---|INFO        |異常件数(int) 入力=[0]
--/-- --:--:--.---|VARIABLE    |NAME=警告件数, VALUE=0
--/-- --:--:--.---|INFO        |警告件数(int) 入力=[0]
10/16 23:35:18.223|END         |
10/16 23:35:18.223|BRANCH_START|NAME=if_7
--/-- --:--:--.---|EVALUATION  |NAME=連携処理_2異常終了, RESULT=false
10/16 23:35:18.223|BRANCH_END  |
10/16 23:35:18.223|BRANCH_END  |
10/16 23:35:18.223|BRANCH_START|NAME=処理フラグ判定_2
--/-- --:--:--.---|EVALUATION  |NAME=2_実行PJ情報連携(商談商品), RESULT=false
10/16 23:35:18.223|BRANCH_END  |
10/16 23:35:18.223|START       |NAME=ファイル別処理フラグ設定 
--/-- --:--:--.---|VARIABLE    |NAME=ファイル別処理フラグ, VALUE=2
--/-- --:--:--.---|INFO        |ファイル別処理フラグ(int) 入力=[2]
--/-- --:--:--.---|VARIABLE    |NAME=対象ファイル名, VALUE=K01OUT03202410163
--/-- --:--:--.---|INFO        |対象ファイル名(String) 入力=[K01OUT03202410163]
10/16 23:35:18.224|END         |
10/16 23:35:18.224|START       |NAME=ローカルバックアップ [file_operation_adapter/move_file]
--/-- --:--:--.---|INFO        |[/data/MERGE/app/temp/20241016113500_jq0000mvvv000980e461pjhkp55e_WE0301/K01OUT03202410163]ファイル/ディレクトリを移動しました。
--/-- --:--:--.---|INFO        |[1]件を移動しました。
10/16 23:35:18.228|END         |
10/16 23:35:18.228|BRANCH_START|NAME=処理フラグ判定_1
--/-- --:--:--.---|EVALUATION  |NAME=1_PJ情報（実行PJ）ファイル_1, RESULT=false
10/16 23:35:18.228|BRANCH_END  |
10/16 23:35:18.228|BRANCH_START|NAME=処理フラグ判定_2
--/-- --:--:--.---|EVALUATION  |NAME=2_実行PJ情報連携(商談商品), RESULT=true
10/16 23:35:18.228|START       |NAME=開始ログ出力_3 
10/16 23:35:18.228|SCRIPT_START|SCRIPT=ログ出力, PROJECT=【次期CRM先行】共通処理部品, REPOSITORY=/home/z098334/projects/【次期CRM先行】共通処理部品, VERSION=9
--/-- --:--:--.---|VARIABLE    |NAME=param02, VALUE=商談商品反映
--/-- --:--:--.---|VARIABLE    |NAME=カテゴリ, VALUE=START
--/-- --:--:--.---|VARIABLE    |NAME=param01, VALUE=実行プロジェクト作成
--/-- --:--:--.---|VARIABLE    |NAME=メッセージID, VALUE=MSG0101
10/16 23:35:18.228|START       |NAME=メッセージ取得 
--/-- --:--:--.---|VARIABLE    |NAME=ログレベル, VALUE=I
--/-- --:--:--.---|INFO        |ログレベル(String) 入力=[I]
--/-- --:--:--.---|VARIABLE    |NAME=メッセージ, VALUE=jq0000mvvv000980e461pjhkp55e 実行プロジェクト作成（商談商品反映）処理を開始します。
--/-- --:--:--.---|INFO        |メッセージ(String) 入力=[jq0000mvvv000980e461pjhkp55e 実行プロジェクト作成（商談商品反映）処理を開始します。]
--/-- --:--:--.---|VARIABLE    |NAME=実行ID, VALUE=jq0000mvvv000980e461pjhkp55e
--/-- --:--:--.---|INFO        |実行ID(String) 入力=[jq0000mvvv000980e461pjhkp55e]
10/16 23:35:18.231|END         |
10/16 23:35:18.231|BRANCH_START|NAME=ログレベル判定
--/-- --:--:--.---|EVALUATION  |NAME=INFO, RESULT=true
10/16 23:35:18.231|START       |NAME=ログ出力_INFO 
10/16 23:35:18.231|END         |
10/16 23:35:18.231|BRANCH_END  |
10/16 23:35:18.231|BRANCH_START|NAME=if
--/-- --:--:--.---|EVALUATION  |NAME=異常終了, RESULT=false
--/-- --:--:--.---|EVALUATION  |NAME=警告終了, RESULT=false
10/16 23:35:18.231|BRANCH_END  |
10/16 23:35:18.231|SCRIPT_END  |EXIT_STATUS=0
10/16 23:35:18.231|END         |
10/16 23:35:18.231|START       |NAME=処理ファイル件数集計_2 
--/-- --:--:--.---|VARIABLE    |NAME=フィルター２処理ファイル件数, VALUE=1
--/-- --:--:--.---|INFO        |フィルター２処理ファイル件数(int) 入力=[1]
10/16 23:35:18.231|END         |
10/16 23:35:18.231|START       |NAME=連携処理_3 
10/16 23:35:18.233|SCRIPT_START|SCRIPT=198_実行PJ情報連携(提案商品紐付け)/198_01_実行PJ情報連携(商談商品), PROJECT=【データ連携HUB】WE0301_実行プロジェクト作成, REPOSITORY=/home/z098330/projects/【データ連携HUB】WE0301_実行プロジェクト作成, VERSION=57
--/-- --:--:--.---|VARIABLE    |NAME=対象ファイル名, VALUE=K01OUT03202410163
--/-- --:--:--.---|VARIABLE    |NAME=運用日付, VALUE=2024-10-16T23:35:00.126+0900
--/-- --:--:--.---|VARIABLE    |NAME=格納先フォルダ, VALUE=/data/MERGE/app/data/WE0301/BACKUP/20241016113500_jq0000mvvv000980e461pjhkp55e_backup
--/-- --:--:--.---|VARIABLE    |NAME=エラーフォルダパス, VALUE=/data/MERGE/app/data/WE0301/ERROR/20241016113500_jq0000mvvv000980e461pjhkp55e_error
--/-- --:--:--.---|VARIABLE    |NAME=処理フォルダ, VALUE=/data/MERGE/app/temp/20241016113500_jq0000mvvv000980e461pjhkp55e_WE0301
10/16 23:35:18.233|TRY_START   |NAME=try_全体
10/16 23:35:18.233|START       |NAME=エラーファイル名生成 
--/-- --:--:--.---|VARIABLE    |NAME=エラーファイル名, VALUE=K01OUT03202410163_3_ERROR.CSV
--/-- --:--:--.---|INFO        |エラーファイル名(String) 入力=[K01OUT03202410163_3_ERROR.CSV]
--/-- --:--:--.---|VARIABLE    |NAME=商談商品実行プロジェクト取得エラーF, VALUE=K01OUT03202410163_3_商談商品実行プロジェクト取得_ERROR.CSV
--/-- --:--:--.---|INFO        |商談商品実行プロジェクト取得エラーF(String) 入力=[K01OUT03202410163_3_商談商品実行プロジェクト取得_ERROR.CSV]
--/-- --:--:--.---|VARIABLE    |NAME=商談商品取得エラーF, VALUE=K01OUT03202410163_3_商談商品取得_ERROR.CSV
--/-- --:--:--.---|INFO        |商談商品取得エラーF(String) 入力=[K01OUT03202410163_3_商談商品取得_ERROR.CSV]
10/16 23:35:18.233|END         |
10/16 23:35:18.233|START       |NAME=商談商品紐付けF読込 [csv_adapter/get_data]
--/-- --:--:--.---|INFO        |[23]行のデータを抽出しました。
10/16 23:35:18.235|END         |
10/16 23:35:18.235|START       |NAME=抽出件数加算 
--/-- --:--:--.---|VARIABLE    |NAME=抽出件数, VALUE=23
--/-- --:--:--.---|INFO        |抽出件数(int) 入力=[23]
10/16 23:35:18.235|END         |
10/16 23:35:18.235|START       |NAME=ログ出力_正常 
10/16 23:35:18.235|SCRIPT_START|SCRIPT=ログ出力, PROJECT=【次期CRM先行】共通処理部品, REPOSITORY=/home/z098334/projects/【次期CRM先行】共通処理部品, VERSION=9
--/-- --:--:--.---|VARIABLE    |NAME=param02, VALUE=K01OUT03202410163
--/-- --:--:--.---|VARIABLE    |NAME=カテゴリ, VALUE=IF
--/-- --:--:--.---|VARIABLE    |NAME=param01, VALUE=2024-10-16T23:35:00.126+0900
--/-- --:--:--.---|VARIABLE    |NAME=param03, VALUE=23
--/-- --:--:--.---|VARIABLE    |NAME=メッセージID, VALUE=MSG0335
10/16 23:35:18.235|START       |NAME=メッセージ取得 
--/-- --:--:--.---|VARIABLE    |NAME=ログレベル, VALUE=I
--/-- --:--:--.---|INFO        |ログレベル(String) 入力=[I]
--/-- --:--:--.---|VARIABLE    |NAME=メッセージ, VALUE=jq0000mvvv000980e461pjhkp55e 現在日時＝2024-10-16T23:35:00.126+0900、ファイル名＝K01OUT03202410163、抽出件数＝23
--/-- --:--:--.---|INFO        |メッセージ(String) 入力=[jq0000mvvv000980e461pjhkp55e 現在日時＝2024-10-16T23:35:00.126+0900、ファイル名＝K01OUT03202410163、抽出件数＝23]
--/-- --:--:--.---|VARIABLE    |NAME=実行ID, VALUE=jq0000mvvv000980e461pjhkp55e
--/-- --:--:--.---|INFO        |実行ID(String) 入力=[jq0000mvvv000980e461pjhkp55e]
10/16 23:35:18.238|END         |
10/16 23:35:18.238|BRANCH_START|NAME=ログレベル判定
--/-- --:--:--.---|EVALUATION  |NAME=INFO, RESULT=true
10/16 23:35:18.238|START       |NAME=ログ出力_INFO 
10/16 23:35:18.238|END         |
10/16 23:35:18.238|BRANCH_END  |
10/16 23:35:18.238|BRANCH_START|NAME=if
--/-- --:--:--.---|EVALUATION  |NAME=異常終了, RESULT=false
--/-- --:--:--.---|EVALUATION  |NAME=警告終了, RESULT=false
10/16 23:35:18.238|BRANCH_END  |
10/16 23:35:18.238|SCRIPT_END  |EXIT_STATUS=0
10/16 23:35:18.238|END         |
10/16 23:35:18.238|START       |NAME=実行PJ検索マップ 
10/16 23:35:18.238|END         |
10/16 23:35:18.238|START       |NAME=実行PJ検索パラメータ生成 [salesforce_adapter/form_query_parameter]
--/-- --:--:--.---|INFO        |[23]件の入力データから、[1]件のIN句のパラメータの形成に成功しました。
10/16 23:35:18.238|END         |
10/16 23:35:18.238|LOOP_START  |NAME=foreach_1
10/16 23:35:18.238|START       |NAME=実行PJ取得prm格納 
--/-- --:--:--.---|VARIABLE    |NAME=実行プロジェクト検索パラメータ, VALUE=ExecutionPJcode__c IN('B23A00049E','B238000462','B234000192','B23C0001F7','B242000111','B241000366','B2410005B4','B24900026B','B2450004A9','B2470004D6','B248000063','B248000063','B24A000049','B2480002F7','B2480002F7','B2480002F7','B2480002F7','B2480002F7','B249000141','B249000336','B247000377','B24A000150','B24A000153')
--/-- --:--:--.---|INFO        |実行プロジェクト検索パラメータ(String) 入力=[ExecutionPJcode__c IN('B23A00049E','B238000462','B234000192','B23C0001F7','B242000111','B241000366','B2410005B4','B24900026B','B2450004A9','B2470004D6','B248000063','B248000063','B24A000049','B2480002F7','B2480002F7','B2480002F7','B2480002F7','B2480002F7','B249000141','B249000336','B247000377','B24A000150','B24A000153')]
10/16 23:35:18.239|END         |
10/16 23:35:18.239|START       |NAME=実行PJ取得 [salesforce_adapter/get_data]
--/-- --:--:--.---|INFO        |[18]件のデータ読み取り(クエリー)に成功しました。
10/16 23:35:18.305|END         |
10/16 23:35:18.305|START       |NAME=集計_1 
--/-- --:--:--.---|INFO        |集計処理(グループ分けあり)が正常に終了しました。
10/16 23:35:18.306|END         |
10/16 23:35:18.306|START       |NAME=実行PJ抽出マップ_1 
10/16 23:35:18.306|END         |
10/16 23:35:18.306|START       |NAME=実行PJ抽出_1 [csv_adapter/put_data]
--/-- --:--:--.---|INFO        |[18]行のデータを挿入しました。
10/16 23:35:18.309|END         |
10/16 23:35:18.309|START       |NAME=実行PJ抽出マップ_2 
10/16 23:35:18.311|END         |
10/16 23:35:18.311|START       |NAME=実行PJ抽出_2 [csv_adapter/put_data]
--/-- --:--:--.---|INFO        |[18]行のデータを挿入しました。
10/16 23:35:18.313|END         |
10/16 23:35:18.313|LOOP_END    |COUNT=1
10/16 23:35:18.313|START       |NAME=更新対象判別検索マップ 
10/16 23:35:18.313|END         |
10/16 23:35:18.313|START       |NAME=更新対象判別検索パラメータ生成 [salesforce_adapter/form_query_parameter]
--/-- --:--:--.---|INFO        |[23]件の入力データから、[1]件のIN句のパラメータの形成に成功しました。
10/16 23:35:18.473|END         |
10/16 23:35:18.473|LOOP_START  |NAME=foreach_2
10/16 23:35:18.473|START       |NAME=更新対象判別取得prm格納 
--/-- --:--:--.---|VARIABLE    |NAME=更新対象判別パラメータ, VALUE=OpportunityLineItemId__c IN('A22A00638B','A22C00615F','A230251697','A230351153','A240417827','A240422098','A240429526','A240461094','A240538132','A240590775','A240604417','A240604418','A240608152','A240609567','A240610187','A240610191','A240610198','A240610204','A240624206','A240625296','A240631311','A240644997','A240647390')
--/-- --:--:--.---|INFO        |更新対象判別パラメータ(String) 入力=[OpportunityLineItemId__c IN('A22A00638B','A22C00615F','A230251697','A230351153','A240417827','A240422098','A240429526','A240461094','A240538132','A240590775','A240604417','A240604418','A240608152','A240609567','A240610187','A240610191','A240610198','A240610204','A240624206','A240625296','A240631311','A240644997','A240647390')]
10/16 23:35:18.473|END         |
10/16 23:35:18.473|START       |NAME=更新対象判別取得 [salesforce_adapter/get_data]
--/-- --:--:--.---|INFO        |[22]件のデータ読み取り(クエリー)に成功しました。
10/16 23:35:18.636|END         |
10/16 23:35:18.636|START       |NAME=集計_2 
--/-- --:--:--.---|INFO        |集計処理(グループ分けあり)が正常に終了しました。
10/16 23:35:18.637|END         |
10/16 23:35:18.637|START       |NAME=更新対象判別抽出マップ_1 
10/16 23:35:18.637|END         |
10/16 23:35:18.637|START       |NAME=更新対象判別抽出_1 [csv_adapter/put_data]
--/-- --:--:--.---|INFO        |[22]行のデータを挿入しました。
10/16 23:35:18.641|END         |
10/16 23:35:18.641|START       |NAME=更新対象判別抽出マップ_2 
10/16 23:35:18.642|END         |
10/16 23:35:18.642|START       |NAME=更新対象判別抽出_2 [csv_adapter/put_data]
--/-- --:--:--.---|INFO        |[22]行のデータを挿入しました。
10/16 23:35:18.645|END         |
10/16 23:35:18.645|LOOP_END    |COUNT=1
10/16 23:35:18.645|START       |NAME=UPDATEマップ 
10/16 23:35:18.650|END         |
10/16 23:35:18.650|START       |NAME=UPDATE_レコードあり [salesforce_adapter/put_update]
--/-- --:--:--.---|INFO        |[22]件の入力データから、[22]件のデータ書き込み（UPDATE）（INSERT:[0]件、UPDATE:[22]件）に成功しました。
10/16 23:35:21.927|END         |
10/16 23:35:21.927|START       |NAME=紐付け解除抽出 
10/16 23:35:21.927|END         |
10/16 23:35:21.927|START       |NAME=UPDATE_紐付け解除レコードあり [salesforce_adapter/put_update]
--/-- --:--:--.---|INFO        |[0]件の入力データから、[0]件のデータ書き込み（UPDATE）（INSERT:[0]件、UPDATE:[0]件）に成功しました。
10/16 23:35:21.927|END         |
10/16 23:35:21.927|BRANCH_START|NAME=if_5
--/-- --:--:--.---|EVALUATION  |NAME=更新エラーあり, RESULT=false
10/16 23:35:21.927|BRANCH_END  |
10/16 23:35:21.927|START       |NAME=商談商品エラーF異常抽出 
10/16 23:35:21.928|END         |
10/16 23:35:21.929|LOOP_START  |NAME=foreach_3
10/16 23:35:21.929|START       |NAME=mapping_1 
--/-- --:--:--.---|VARIABLE    |NAME=異常件数, VALUE=1
--/-- --:--:--.---|INFO        |異常件数(int) 入力=[1]
10/16 23:35:21.929|END         |
10/16 23:35:21.929|START       |NAME=商談商品取得エラーF出力_1 [csv_adapter/put_data]
--/-- --:--:--.---|INFO        |[1]行のデータを挿入しました。
10/16 23:35:21.933|END         |
10/16 23:35:21.933|LOOP_END    |COUNT=1
10/16 23:35:21.933|BRANCH_START|NAME=if_6
--/-- --:--:--.---|EVALUATION  |NAME=condition, RESULT=true
10/16 23:35:21.933|START       |NAME=商談商品取得ログ出力_異常 
10/16 23:35:21.933|SCRIPT_START|SCRIPT=ログ出力, PROJECT=【次期CRM先行】共通処理部品, REPOSITORY=/home/z098334/projects/【次期CRM先行】共通処理部品, VERSION=9
--/-- --:--:--.---|VARIABLE    |NAME=param02, VALUE=K01OUT03202410163_3_商談商品取得_ERROR.CSV
--/-- --:--:--.---|VARIABLE    |NAME=カテゴリ, VALUE=IF
--/-- --:--:--.---|VARIABLE    |NAME=param01, VALUE=商談商品
--/-- --:--:--.---|VARIABLE    |NAME=メッセージID, VALUE=MSG0337
10/16 23:35:21.933|START       |NAME=メッセージ取得 
--/-- --:--:--.---|VARIABLE    |NAME=ログレベル, VALUE=E
--/-- --:--:--.---|INFO        |ログレベル(String) 入力=[E]
--/-- --:--:--.---|VARIABLE    |NAME=メッセージ, VALUE=jq0000mvvv000980e461pjhkp55e 商談商品オブジェクトが存在しません。詳細はK01OUT03202410163_3_商談商品取得_ERROR.CSVファイルを参照してください。
--/-- --:--:--.---|INFO        |メッセージ(String) 入力=[jq0000mvvv000980e461pjhkp55e 商談商品オブジェクトが存在しません。詳細はK01OUT03202410163_3_商談商品取得_ERROR.CSVファイルを参照してください。]
--/-- --:--:--.---|VARIABLE    |NAME=実行ID, VALUE=jq0000mvvv000980e461pjhkp55e
--/-- --:--:--.---|INFO        |実行ID(String) 入力=[jq0000mvvv000980e461pjhkp55e]
10/16 23:35:21.935|END         |
10/16 23:35:21.935|BRANCH_START|NAME=ログレベル判定
--/-- --:--:--.---|EVALUATION  |NAME=INFO, RESULT=false
--/-- --:--:--.---|EVALUATION  |NAME=WARN, RESULT=false
--/-- --:--:--.---|EVALUATION  |NAME=ERROR, RESULT=true
10/16 23:35:21.935|START       |NAME=ログ出力_ERROR 
10/16 23:35:21.935|END         |
10/16 23:35:21.935|BRANCH_END  |
10/16 23:35:21.935|BRANCH_START|NAME=if
--/-- --:--:--.---|EVALUATION  |NAME=異常終了, RESULT=false
--/-- --:--:--.---|EVALUATION  |NAME=警告終了, RESULT=false
10/16 23:35:21.935|BRANCH_END  |
10/16 23:35:21.935|SCRIPT_END  |EXIT_STATUS=0
10/16 23:35:21.935|END         |
10/16 23:35:21.936|BRANCH_END  |
10/16 23:35:21.936|START       |NAME=実行プロジェクトエラーF異常抽出_1 
10/16 23:35:21.937|END         |
10/16 23:35:21.937|LOOP_START  |NAME=foreach_5
10/16 23:35:21.937|LOOP_END    |COUNT=0
10/16 23:35:21.937|BRANCH_START|NAME=if_1
--/-- --:--:--.---|EVALUATION  |NAME=condition, RESULT=false
10/16 23:35:21.937|BRANCH_END  |
10/16 23:35:21.937|START       |NAME=実行プロジェクトエラーF異常抽出_2 
10/16 23:35:21.938|END         |
10/16 23:35:21.939|LOOP_START  |NAME=foreach_6
10/16 23:35:21.939|LOOP_END    |COUNT=0
10/16 23:35:21.939|BRANCH_START|NAME=if_2
--/-- --:--:--.---|EVALUATION  |NAME=condition, RESULT=false
10/16 23:35:21.939|BRANCH_END  |
10/16 23:35:21.939|START       |NAME=処理件数集計 
--/-- --:--:--.---|VARIABLE    |NAME=正常件数, VALUE=22
--/-- --:--:--.---|INFO        |正常件数(int) 入力=[22]
--/-- --:--:--.---|VARIABLE    |NAME=異常件数, VALUE=1
--/-- --:--:--.---|INFO        |異常件数(int) 入力=[1]
10/16 23:35:21.939|END         |
10/16 23:35:21.939|START       |NAME=処理件数MSG出力 
10/16 23:35:21.939|SCRIPT_START|SCRIPT=ログ出力, PROJECT=【次期CRM先行】共通処理部品, REPOSITORY=/home/z098334/projects/【次期CRM先行】共通処理部品, VERSION=9
--/-- --:--:--.---|VARIABLE    |NAME=param02, VALUE=22
--/-- --:--:--.---|VARIABLE    |NAME=カテゴリ, VALUE=IF
--/-- --:--:--.---|VARIABLE    |NAME=param01, VALUE=商談商品反映処理 K01OUT03202410163
--/-- --:--:--.---|VARIABLE    |NAME=param03, VALUE=1
--/-- --:--:--.---|VARIABLE    |NAME=メッセージID, VALUE=MSG0110
--/-- --:--:--.---|VARIABLE    |NAME=param04, VALUE=0
10/16 23:35:21.939|START       |NAME=メッセージ取得 
--/-- --:--:--.---|VARIABLE    |NAME=ログレベル, VALUE=I
--/-- --:--:--.---|INFO        |ログレベル(String) 入力=[I]
--/-- --:--:--.---|VARIABLE    |NAME=メッセージ, VALUE=jq0000mvvv000980e461pjhkp55e 商談商品反映処理 K01OUT03202410163 正常:22 異常:1 警告:0
--/-- --:--:--.---|INFO        |メッセージ(String) 入力=[jq0000mvvv000980e461pjhkp55e 商談商品反映処理 K01OUT03202410163 正常:22 異常:1 警告:0]
--/-- --:--:--.---|VARIABLE    |NAME=実行ID, VALUE=jq0000mvvv000980e461pjhkp55e
--/-- --:--:--.---|INFO        |実行ID(String) 入力=[jq0000mvvv000980e461pjhkp55e]
10/16 23:35:21.941|END         |
10/16 23:35:21.941|BRANCH_START|NAME=ログレベル判定
--/-- --:--:--.---|EVALUATION  |NAME=INFO, RESULT=true
10/16 23:35:21.941|START       |NAME=ログ出力_INFO 
10/16 23:35:21.941|END         |
10/16 23:35:21.941|BRANCH_END  |
10/16 23:35:21.941|BRANCH_START|NAME=if
--/-- --:--:--.---|EVALUATION  |NAME=異常終了, RESULT=false
--/-- --:--:--.---|EVALUATION  |NAME=警告終了, RESULT=false
10/16 23:35:21.941|BRANCH_END  |
10/16 23:35:21.941|SCRIPT_END  |EXIT_STATUS=0
10/16 23:35:21.941|END         |
10/16 23:35:21.941|TRY_END     |
10/16 23:35:21.942|SCRIPT_END  |EXIT_STATUS=0
10/16 23:35:21.942|END         |
10/16 23:35:21.942|START       |NAME=処理件数集計_3 
--/-- --:--:--.---|VARIABLE    |NAME=正常件数, VALUE=192
--/-- --:--:--.---|INFO        |正常件数(int) 入力=[192]
--/-- --:--:--.---|VARIABLE    |NAME=異常件数, VALUE=1
--/-- --:--:--.---|INFO        |異常件数(int) 入力=[1]
--/-- --:--:--.---|VARIABLE    |NAME=警告件数, VALUE=0
--/-- --:--:--.---|INFO        |警告件数(int) 入力=[0]
10/16 23:35:21.942|END         |
10/16 23:35:21.942|BRANCH_START|NAME=if_8
--/-- --:--:--.---|EVALUATION  |NAME=連携処理_3異常終了, RESULT=false
10/16 23:35:21.942|BRANCH_END  |
10/16 23:35:21.942|BRANCH_END  |
10/16 23:35:21.942|LOOP_END    |COUNT=2
10/16 23:35:21.942|BRANCH_START|NAME=if_10
--/-- --:--:--.---|EVALUATION  |NAME=フィルター１対象ファイル無し, RESULT=false
10/16 23:35:21.942|BRANCH_END  |
10/16 23:35:21.942|BRANCH_START|NAME=if_11
--/-- --:--:--.---|EVALUATION  |NAME=フィルター２対象ファイル無し, RESULT=false
10/16 23:35:21.942|BRANCH_END  |
10/16 23:35:21.942|START       |NAME=処理件数ログ出力 
10/16 23:35:21.942|SCRIPT_START|SCRIPT=ログ出力, PROJECT=【次期CRM先行】共通処理部品, REPOSITORY=/home/z098334/projects/【次期CRM先行】共通処理部品, VERSION=9
--/-- --:--:--.---|VARIABLE    |NAME=param02, VALUE=1
--/-- --:--:--.---|VARIABLE    |NAME=カテゴリ, VALUE=IF
--/-- --:--:--.---|VARIABLE    |NAME=param01, VALUE=192
--/-- --:--:--.---|VARIABLE    |NAME=param03, VALUE=0
--/-- --:--:--.---|VARIABLE    |NAME=メッセージID, VALUE=MSG0105
10/16 23:35:21.942|START       |NAME=メッセージ取得 
--/-- --:--:--.---|VARIABLE    |NAME=ログレベル, VALUE=I
--/-- --:--:--.---|INFO        |ログレベル(String) 入力=[I]
--/-- --:--:--.---|VARIABLE    |NAME=メッセージ, VALUE=jq0000mvvv000980e461pjhkp55e 正常:192 異常:1 警告:0
--/-- --:--:--.---|INFO        |メッセージ(String) 入力=[jq0000mvvv000980e461pjhkp55e 正常:192 異常:1 警告:0]
--/-- --:--:--.---|VARIABLE    |NAME=実行ID, VALUE=jq0000mvvv000980e461pjhkp55e
--/-- --:--:--.---|INFO        |実行ID(String) 入力=[jq0000mvvv000980e461pjhkp55e]
10/16 23:35:21.944|END         |
10/16 23:35:21.944|BRANCH_START|NAME=ログレベル判定
--/-- --:--:--.---|EVALUATION  |NAME=INFO, RESULT=true
10/16 23:35:21.944|START       |NAME=ログ出力_INFO 
10/16 23:35:21.944|END         |
10/16 23:35:21.944|BRANCH_END  |
10/16 23:35:21.944|BRANCH_START|NAME=if
--/-- --:--:--.---|EVALUATION  |NAME=異常終了, RESULT=false
--/-- --:--:--.---|EVALUATION  |NAME=警告終了, RESULT=false
10/16 23:35:21.944|BRANCH_END  |
10/16 23:35:21.944|SCRIPT_END  |EXIT_STATUS=0
10/16 23:35:21.944|END         |
10/16 23:35:21.944|BRANCH_START|NAME=if_12
--/-- --:--:--.---|EVALUATION  |NAME=正常終了時, RESULT=true
10/16 23:35:21.944|START       |NAME=処理結果フラグ設定_6 
--/-- --:--:--.---|VARIABLE    |NAME=処理結果フラグ, VALUE=1
--/-- --:--:--.---|INFO        |処理結果フラグ(int) 入力=[1]
10/16 23:35:21.945|END         |
10/16 23:35:21.945|START       |NAME=F削除_中間ファイル [file_operation_adapter/delete_file]
--/-- --:--:--.---|INFO        |[/data/MERGE/app/temp/20241016113500_jq0000mvvv000980e461pjhkp55e_WE0301]ファイル/ディレクトリを削除しました。
--/-- --:--:--.---|INFO        |[1]件を削除しました。
10/16 23:35:21.974|END         |
10/16 23:35:21.974|START       |NAME=バックアップ処理 
10/16 23:35:21.974|SCRIPT_START|SCRIPT=S3バックアップ圧縮格納, PROJECT=【次期CRM先行】共通処理部品, REPOSITORY=/home/z098334/projects/【次期CRM先行】共通処理部品, VERSION=13
--/-- --:--:--.---|VARIABLE    |NAME=バケットIN, VALUE=bm-s3-datahub-if-prod
--/-- --:--:--.---|VARIABLE    |NAME=機能ID, VALUE=WE0301
--/-- --:--:--.---|VARIABLE    |NAME=フォルダパスIN, VALUE=/WE0301
--/-- --:--:--.---|VARIABLE    |NAME=バックアップフォルダパス, VALUE=/data/MERGE/app/data/WE0301/BACKUP/20241016113500_jq0000mvvv000980e461pjhkp55e_backup
10/16 23:35:21.974|START       |NAME=格納フォルダ名作成 
--/-- --:--:--.---|VARIABLE    |NAME=格納フォルダ名, VALUE=WE0301_20241016
--/-- --:--:--.---|INFO        |格納フォルダ名(String) 入力=[WE0301_20241016]
--/-- --:--:--.---|VARIABLE    |NAME=ZIPファイル名, VALUE=WE0301_20241016233521975.zip
--/-- --:--:--.---|INFO        |ZIPファイル名(String) 入力=[WE0301_20241016233521975.zip]
10/16 23:35:21.975|END         |
10/16 23:35:21.975|START       |NAME=バックアップファイル一覧取得 [file_operation_adapter/list_file]
--/-- --:--:--.---|INFO        |[/data/MERGE/app/data/WE0301/BACKUP/20241016113500_jq0000mvvv000980e461pjhkp55e_backup]ディレクトリのファイル名一覧を取得しました。
10/16 23:35:21.977|END         |
10/16 23:35:21.977|BRANCH_START|NAME=if(1)
--/-- --:--:--.---|EVALUATION  |NAME=バックアップファイル存在, RESULT=true
10/16 23:35:21.977|START       |NAME=バックアップファイル圧縮 [file_operation_adapter/compress_file]
--/-- --:--:--.---|INFO        |[/data/MERGE/app/data/WE0301/BACKUP/20241016113500_jq0000mvvv000980e461pjhkp55e_backup/WE0301_20241016233521975.zip]ファイル/ディレクトリを圧縮しました。
10/16 23:35:21.987|END         |
10/16 23:35:21.987|START       |NAME=バックアップファイル書き込み [amazon_s3_adapter/put]
10/16 23:35:23.144|END         |
10/16 23:35:23.144|START       |NAME=ファイルのみ 
10/16 23:35:23.146|END         |
10/16 23:35:23.146|LOOP_START  |NAME=foreach
10/16 23:35:23.146|START       |NAME=ファイル名格納 
--/-- --:--:--.---|VARIABLE    |NAME=バックアップファイル名, VALUE=K01OUT01202410163
--/-- --:--:--.---|INFO        |バックアップファイル名(String) 入力=[K01OUT01202410163]
10/16 23:35:23.148|END         |
10/16 23:35:23.148|START       |NAME=入力ファイル削除 [amazon_s3_adapter/delete]
10/16 23:35:23.779|END         |
10/16 23:35:23.779|START       |NAME=ファイル名格納 
--/-- --:--:--.---|VARIABLE    |NAME=バックアップファイル名, VALUE=K01OUT03202410163
--/-- --:--:--.---|INFO        |バックアップファイル名(String) 入力=[K01OUT03202410163]
10/16 23:35:23.780|END         |
10/16 23:35:23.780|START       |NAME=入力ファイル削除 [amazon_s3_adapter/delete]
10/16 23:35:24.361|END         |
10/16 23:35:24.361|LOOP_END    |COUNT=2
10/16 23:35:24.361|BRANCH_END  |
10/16 23:35:24.361|START       |NAME=バックアップフォルダ削除 [file_operation_adapter/delete_file]
--/-- --:--:--.---|INFO        |[/data/MERGE/app/data/WE0301/BACKUP/20241016113500_jq0000mvvv000980e461pjhkp55e_backup]ファイル/ディレクトリを削除しました。
--/-- --:--:--.---|INFO        |[1]件を削除しました。
10/16 23:35:24.369|END         |
10/16 23:35:24.369|SCRIPT_END  |EXIT_STATUS=0
10/16 23:35:24.369|END         |
10/16 23:35:24.369|START       |NAME=エラーバックアップ処理 
10/16 23:35:24.369|SCRIPT_START|SCRIPT=S3エラーファイル圧縮格納, PROJECT=【次期CRM先行】共通処理部品, REPOSITORY=/home/z098334/projects/【次期CRM先行】共通処理部品, VERSION=12
--/-- --:--:--.---|VARIABLE    |NAME=機能ID, VALUE=WE0301
--/-- --:--:--.---|VARIABLE    |NAME=エラーフォルダパス, VALUE=/data/MERGE/app/data/WE0301/ERROR/20241016113500_jq0000mvvv000980e461pjhkp55e_error
10/16 23:35:24.369|START       |NAME=格納フォルダ名作成 
--/-- --:--:--.---|VARIABLE    |NAME=格納フォルダ名, VALUE=WE0301_20241016
--/-- --:--:--.---|INFO        |格納フォルダ名(String) 入力=[WE0301_20241016]
--/-- --:--:--.---|VARIABLE    |NAME=ZIPファイル名, VALUE=WE0301_20241016233524370.zip
--/-- --:--:--.---|INFO        |ZIPファイル名(String) 入力=[WE0301_20241016233524370.zip]
10/16 23:35:24.370|END         |
10/16 23:35:24.370|START       |NAME=エラーファイル一覧取得 [file_operation_adapter/list_file]
--/-- --:--:--.---|INFO        |[/data/MERGE/app/data/WE0301/ERROR/20241016113500_jq0000mvvv000980e461pjhkp55e_error]ディレクトリのファイル名一覧を取得しました。
10/16 23:35:24.372|END         |
10/16 23:35:24.372|BRANCH_START|NAME=if
--/-- --:--:--.---|EVALUATION  |NAME=エラーファイル存在, RESULT=true
10/16 23:35:24.372|START       |NAME=エラーファイル圧縮 [file_operation_adapter/compress_file]
--/-- --:--:--.---|INFO        |[/data/MERGE/app/data/WE0301/ERROR/20241016113500_jq0000mvvv000980e461pjhkp55e_error/WE0301_20241016233524370.zip]ファイル/ディレクトリを圧縮しました。
10/16 23:35:24.378|END         |
10/16 23:35:24.378|START       |NAME=エラーファイル書き込み [amazon_s3_adapter/put]
10/16 23:35:25.046|END         |
10/16 23:35:25.046|BRANCH_END  |
10/16 23:35:25.046|START       |NAME=エラーフォルダ削除 [file_operation_adapter/delete_file]
--/-- --:--:--.---|INFO        |[/data/MERGE/app/data/WE0301/ERROR/20241016113500_jq0000mvvv000980e461pjhkp55e_error]ファイル/ディレクトリを削除しました。
--/-- --:--:--.---|INFO        |[1]件を削除しました。
10/16 23:35:25.054|END         |
10/16 23:35:25.054|SCRIPT_END  |EXIT_STATUS=0
10/16 23:35:25.054|END         |
10/16 23:35:25.054|BRANCH_END  |
10/16 23:35:25.054|BRANCH_START|NAME=if_9
--/-- --:--:--.---|EVALUATION  |NAME=処理結果_異常, RESULT=true
10/16 23:35:25.054|START       |NAME=規制情報更新_異常 
10/16 23:35:25.054|SCRIPT_START|SCRIPT=規制情報/03_規制情報更新, PROJECT=【次期CRM先行】共通処理部品, REPOSITORY=/home/z098334/projects/【次期CRM先行】共通処理部品, VERSION=6
--/-- --:--:--.---|VARIABLE    |NAME=機能ID, VALUE=WE0301
--/-- --:--:--.---|VARIABLE    |NAME=予備2, VALUE=1
--/-- --:--:--.---|VARIABLE    |NAME=予備1, VALUE=0
--/-- --:--:--.---|VARIABLE    |NAME=レコードNo, VALUE=100
10/16 23:35:25.055|TRY_START   |NAME=try_catch
10/16 23:35:25.055|START       |NAME=規制情報更新 [amazon_rds_postgresql_adapter/execute_select_query]
--/-- --:--:--.---|INFO        |[1]件のデータの抽出に成功しました。
10/16 23:35:25.058|END         |
10/16 23:35:25.058|BRANCH_START|NAME=結果判定
--/-- --:--:--.---|EVALUATION  |NAME=更新失敗, RESULT=false
10/16 23:35:25.058|BRANCH_END  |
10/16 23:35:25.058|TRY_END     |
10/16 23:35:25.058|SCRIPT_END  |EXIT_STATUS=0
10/16 23:35:25.058|END         |
10/16 23:35:25.058|BRANCH_START|NAME=if_13
--/-- --:--:--.---|EVALUATION  |NAME=規制情報更新失敗, RESULT=false
10/16 23:35:25.059|BRANCH_END  |
10/16 23:35:25.059|START       |NAME=終了ログ出力_異常_6 
10/16 23:35:25.059|SCRIPT_START|SCRIPT=ログ出力, PROJECT=【次期CRM先行】共通処理部品, REPOSITORY=/home/z098334/projects/【次期CRM先行】共通処理部品, VERSION=9
--/-- --:--:--.---|VARIABLE    |NAME=処理結果フラグ, VALUE=1
--/-- --:--:--.---|VARIABLE    |NAME=param02, VALUE=実行プロジェクト作成
--/-- --:--:--.---|VARIABLE    |NAME=カテゴリ, VALUE=END
--/-- --:--:--.---|VARIABLE    |NAME=param01, VALUE=WE0301
--/-- --:--:--.---|VARIABLE    |NAME=メッセージID, VALUE=MSG0015
10/16 23:35:25.059|START       |NAME=メッセージ取得 
--/-- --:--:--.---|VARIABLE    |NAME=ログレベル, VALUE=E
--/-- --:--:--.---|INFO        |ログレベル(String) 入力=[E]
--/-- --:--:--.---|VARIABLE    |NAME=メッセージ, VALUE=jq0000mvvv000980e461pjhkp55e WE0301処理を異常終了しました（実行プロジェクト作成）
--/-- --:--:--.---|INFO        |メッセージ(String) 入力=[jq0000mvvv000980e461pjhkp55e WE0301処理を異常終了しました（実行プロジェクト作成）]
--/-- --:--:--.---|VARIABLE    |NAME=実行ID, VALUE=jq0000mvvv000980e461pjhkp55e
--/-- --:--:--.---|INFO        |実行ID(String) 入力=[jq0000mvvv000980e461pjhkp55e]
10/16 23:35:25.062|END         |
10/16 23:35:25.062|BRANCH_START|NAME=ログレベル判定
--/-- --:--:--.---|EVALUATION  |NAME=INFO, RESULT=false
--/-- --:--:--.---|EVALUATION  |NAME=WARN, RESULT=false
--/-- --:--:--.---|EVALUATION  |NAME=ERROR, RESULT=true
10/16 23:35:25.062|START       |NAME=ログ出力_ERROR 
10/16 23:35:25.062|END         |
10/16 23:35:25.062|BRANCH_END  |
10/16 23:35:25.062|BRANCH_START|NAME=if
--/-- --:--:--.---|EVALUATION  |NAME=異常終了, RESULT=true
10/16 23:35:25.062|START       |NAME=エラーメール送信（異常） 
10/16 23:35:25.062|SCRIPT_START|SCRIPT=エラーメール送信, PROJECT=【次期CRM先行】共通処理部品, REPOSITORY=/home/z098334/projects/【次期CRM先行】共通処理部品, VERSION=2
--/-- --:--:--.---|VARIABLE    |NAME=処理結果フラグ, VALUE=1
--/-- --:--:--.---|VARIABLE    |NAME=実行ID, VALUE=jq0000mvvv000980e461pjhkp55e
--/-- --:--:--.---|VARIABLE    |NAME=機能ID, VALUE=実行プロジェクト作成
10/16 23:35:25.062|START       |NAME=通知日時取得 
--/-- --:--:--.---|VARIABLE    |NAME=通知日時, VALUE=2024/10/16 23:35:25
--/-- --:--:--.---|INFO        |通知日時(String) 入力=[2024/10/16 23:35:25]
10/16 23:35:25.062|END         |
10/16 23:35:25.062|BRANCH_START|NAME=if
--/-- --:--:--.---|EVALUATION  |NAME=処理結果_異常, RESULT=true
10/16 23:35:25.062|START       |NAME=異常時mail送信 [mail_adapter/put_smtp_with_message]
--/-- --:--:--.---|INFO        |1通のメッセージを送信しました。
10/16 23:35:25.098|END         |
10/16 23:35:25.098|BRANCH_END  |
10/16 23:35:25.098|SCRIPT_END  |EXIT_STATUS=0
10/16 23:35:25.098|END         |
10/16 23:35:25.098|BRANCH_END  |
10/16 23:35:25.098|SCRIPT_END  |EXIT_STATUS=0
10/16 23:35:25.098|END         |
10/16 23:35:25.098|BRANCH_END  |
10/16 23:35:25.099|SCRIPT_END  |EXIT_STATUS=-1
10/16 23:35:25.099|EXEC_END    |EXIT_STATUS=-1
